73 data units; theoretic max savings boundary = 3.65s
.........................................................................
achieved 134.00s for numpar=1 simulate=False
73 data units; theoretic max savings boundary = 3.65s
.........................................................................
achieved 107.07s for numpar=2 simulate=False
73 data units; theoretic max savings boundary = 3.65s
.........................................................................
achieved 81.50s for numpar=3 simulate=False
73 data units; theoretic max savings boundary = 3.65s
.........................................................................
achieved 89.37s for numpar=4 simulate=False
73 data units; theoretic max savings boundary = 3.65s
.........................................................................
Exception in thread Thread-1:
Traceback (most recent call last):
  File "/usr/lib/python3.5/threading.py", line 914, in _bootstrap_inner
    self.run()
  File "/usr/lib/python3.5/threading.py", line 862, in run
    self._target(*self._args, **self._kwargs)
  File "faasmeasure.py", line 26, in process
    ccost += response["cost"]
KeyError: 'cost'

achieved 58.63s for numpar=5 simulate=False
73 data units; theoretic max savings boundary = 3.65s
.........................................................................
achieved 56.47s for numpar=6 simulate=False
73 data units; theoretic max savings boundary = 3.65s
.........................................................................
achieved 57.17s for numpar=7 simulate=False
73 data units; theoretic max savings boundary = 3.65s
.........................................................................
achieved 49.97s for numpar=8 simulate=False
73 data units; theoretic max savings boundary = 3.65s
.........................................................................
achieved 49.11s for numpar=9 simulate=False
73 data units; theoretic max savings boundary = 3.65s
.........................................................................
achieved 41.31s for numpar=10 simulate=False
73 data units; theoretic max savings boundary = 3.65s
.........................................................................
achieved 44.94s for numpar=11 simulate=False
73 data units; theoretic max savings boundary = 3.65s
.........................................................................
achieved 46.98s for numpar=12 simulate=False
73 data units; theoretic max savings boundary = 3.65s
.........................................................................
achieved 43.74s for numpar=13 simulate=False
73 data units; theoretic max savings boundary = 3.65s
.........................................................................
achieved 32.16s for numpar=14 simulate=False
73 data units; theoretic max savings boundary = 3.65s
.........................................................................
achieved 36.58s for numpar=15 simulate=False
