73 data units; theoretic max savings boundary = 36.50s
cost 2 for 1 cumulative 2
cost 1 for 1 cumulative 3
cost 1 for 1 cumulative 4
cost 1 for 1 cumulative 5
cost 1 for 1 cumulative 6
cost 3 for 1 cumulative 9
cost 1 for 1 cumulative 10
cost 1 for 1 cumulative 11
cost 1 for 1 cumulative 12
cost 2 for 1 cumulative 14
cost 2 for 1 cumulative 16
cost 1 for 1 cumulative 17
cost 2 for 1 cumulative 19
cost 2 for 1 cumulative 21
cost 2 for 1 cumulative 23
cost 1 for 1 cumulative 24
cost 1 for 1 cumulative 25
cost 2 for 1 cumulative 27
cost 1 for 1 cumulative 28
cost 1 for 1 cumulative 29
cost 1 for 1 cumulative 30
cost 1 for 1 cumulative 31
cost 1 for 1 cumulative 32
cost 2 for 1 cumulative 34
cost 1 for 1 cumulative 35
cost 1 for 1 cumulative 36
cost 1 for 1 cumulative 37
cost 1 for 1 cumulative 38
cost 1 for 1 cumulative 39
cost 1 for 1 cumulative 40
cost 1 for 1 cumulative 41
cost 1 for 1 cumulative 42
cost 1 for 1 cumulative 43
cost 1 for 1 cumulative 44
cost 1 for 1 cumulative 45
cost 1 for 1 cumulative 46
cost 2 for 1 cumulative 48
cost 1 for 1 cumulative 49
cost 1 for 1 cumulative 50
cost 1 for 1 cumulative 51
cost 1 for 1 cumulative 52
cost 1 for 1 cumulative 53
cost 1 for 1 cumulative 54
cost 1 for 1 cumulative 55
cost 1 for 1 cumulative 56
cost 1 for 1 cumulative 57
cost 2 for 1 cumulative 59
cost 1 for 1 cumulative 60
cost 1 for 1 cumulative 61
cost 2 for 1 cumulative 63
cost 2 for 1 cumulative 65
cost 1 for 1 cumulative 66
cost 1 for 1 cumulative 67
cost 2 for 1 cumulative 69
cost 1 for 1 cumulative 70
cost 2 for 1 cumulative 72
cost 2 for 1 cumulative 74
cost 1 for 1 cumulative 75
cost 1 for 1 cumulative 76
cost 1 for 1 cumulative 77
cost 1 for 1 cumulative 78
cost 1 for 1 cumulative 79
cost 1 for 1 cumulative 80
cost 1 for 1 cumulative 81
cost 2 for 1 cumulative 83
cost 1 for 1 cumulative 84
cost 1 for 1 cumulative 85
cost 1 for 1 cumulative 86
cost 1 for 1 cumulative 87
cost 1 for 1 cumulative 88
cost 1 for 1 cumulative 89
cost 1 for 1 cumulative 90
cost 1 for 1 cumulative 91
cost 1 for 1 cumulative 1
cost 1 for 1 cumulative 2
cost 1 for 1 cumulative 3
cost 1 for 1 cumulative 4
cost 1 for 1 cumulative 5
cost 2 for 1 cumulative 7
cost 1 for 1 cumulative 8
cost 1 for 1 cumulative 9
cost 1 for 1 cumulative 10
cost 2 for 1 cumulative 12
cost 2 for 1 cumulative 14
cost 1 for 1 cumulative 15
cost 2 for 1 cumulative 17
cost 2 for 1 cumulative 19
cost 2 for 1 cumulative 21
cost 1 for 1 cumulative 22
cost 1 for 1 cumulative 23
cost 1 for 1 cumulative 24
cost 1 for 1 cumulative 25
cost 1 for 1 cumulative 26
cost 1 for 1 cumulative 27
cost 1 for 1 cumulative 28
cost 1 for 1 cumulative 29
cost 2 for 1 cumulative 31
cost 1 for 1 cumulative 32
cost 1 for 1 cumulative 33
cost 1 for 1 cumulative 34
cost 1 for 1 cumulative 35
cost 1 for 1 cumulative 36
cost 1 for 1 cumulative 37
cost 1 for 1 cumulative 38
cost 1 for 1 cumulative 39
cost 1 for 1 cumulative 40
cost 1 for 1 cumulative 41
cost 1 for 1 cumulative 42
cost 1 for 1 cumulative 43
cost 2 for 1 cumulative 45
cost 1 for 1 cumulative 46
cost 1 for 1 cumulative 47
cost 1 for 1 cumulative 48
cost 1 for 1 cumulative 49
cost 1 for 1 cumulative 50
cost 2 for 1 cumulative 52
cost 1 for 1 cumulative 53
cost 1 for 1 cumulative 54
cost 1 for 1 cumulative 55
cost 2 for 1 cumulative 57
cost 1 for 1 cumulative 58
cost 1 for 1 cumulative 59
cost 1 for 1 cumulative 60
cost 2 for 1 cumulative 62
cost 1 for 1 cumulative 63
cost 1 for 1 cumulative 64
cost 2 for 1 cumulative 66
cost 1 for 1 cumulative 67
cost 2 for 1 cumulative 69
cost 2 for 1 cumulative 71
cost 1 for 1 cumulative 72
cost 1 for 1 cumulative 73
cost 1 for 1 cumulative 74
cost 1 for 1 cumulative 75
cost 1 for 1 cumulative 76
cost 1 for 1 cumulative 77
cost 1 for 1 cumulative 78
cost 2 for 1 cumulative 80
cost 1 for 1 cumulative 81
cost 1 for 1 cumulative 82
cost 1 for 1 cumulative 83
cost 1 for 1 cumulative 84
cost 1 for 1 cumulative 85
cost 1 for 1 cumulative 86
cost 1 for 1 cumulative 87
cost 1 for 1 cumulative 88
cost 1 for 1 cumulative 1
cost 1 for 1 cumulative 2
cost 1 for 1 cumulative 3
cost 1 for 1 cumulative 4
cost 1 for 1 cumulative 5
cost 2 for 1 cumulative 7
cost 1 for 1 cumulative 8
cost 1 for 1 cumulative 9
cost 1 for 1 cumulative 10
cost 2 for 1 cumulative 12
cost 2 for 1 cumulative 14
cost 1 for 1 cumulative 15
cost 2 for 1 cumulative 17
cost 2 for 1 cumulative 19
cost 2 for 1 cumulative 21
cost 1 for 1 cumulative 22
cost 1 for 1 cumulative 23
cost 1 for 1 cumulative 24
cost 1 for 1 cumulative 25
cost 1 for 1 cumulative 26
cost 1 for 1 cumulative 27
cost 1 for 1 cumulative 28
cost 1 for 1 cumulative 29
cost 2 for 1 cumulative 31
cost 1 for 1 cumulative 32
cost 1 for 1 cumulative 33
cost 1 for 1 cumulative 34
cost 1 for 1 cumulative 35
cost 1 for 1 cumulative 36
cost 1 for 1 cumulative 37
cost 1 for 1 cumulative 38
cost 1 for 1 cumulative 39
cost 1 for 1 cumulative 40
cost 1 for 1 cumulative 41
cost 1 for 1 cumulative 42
cost 1 for 1 cumulative 43
cost 2 for 1 cumulative 45
cost 1 for 1 cumulative 46
cost 1 for 1 cumulative 47
cost 1 for 1 cumulative 48
cost 1 for 1 cumulative 49
cost 1 for 1 cumulative 50
cost 1 for 1 cumulative 51
cost 1 for 1 cumulative 52
cost 1 for 1 cumulative 53
cost 1 for 1 cumulative 54
cost 2 for 1 cumulative 56
cost 1 for 1 cumulative 57
cost 1 for 1 cumulative 58
cost 1 for 1 cumulative 59
cost 2 for 1 cumulative 61
cost 1 for 1 cumulative 62
cost 1 for 1 cumulative 63
cost 2 for 1 cumulative 65
cost 1 for 1 cumulative 66
cost 2 for 1 cumulative 68
cost 2 for 1 cumulative 70
cost 1 for 1 cumulative 71
cost 1 for 1 cumulative 72
cost 1 for 1 cumulative 73
cost 1 for 1 cumulative 74
cost 1 for 1 cumulative 75
cost 1 for 1 cumulative 76
cost 1 for 1 cumulative 77
cost 2 for 1 cumulative 79
cost 1 for 1 cumulative 80
cost 1 for 1 cumulative 81
cost 1 for 1 cumulative 82
cost 1 for 1 cumulative 83
cost 1 for 1 cumulative 84
cost 1 for 1 cumulative 85
cost 1 for 1 cumulative 86
cost 1 for 1 cumulative 87
cost 2 for 1 cumulative 2
cost 1 for 1 cumulative 3
cost 1 for 1 cumulative 4
cost 1 for 1 cumulative 5
cost 1 for 1 cumulative 6
cost 2 for 1 cumulative 8
cost 1 for 1 cumulative 9
cost 1 for 1 cumulative 10
cost 1 for 1 cumulative 11
cost 2 for 1 cumulative 13
cost 2 for 1 cumulative 15
cost 1 for 1 cumulative 16
cost 2 for 1 cumulative 18
cost 2 for 1 cumulative 20
cost 2 for 1 cumulative 22
cost 1 for 1 cumulative 23
cost 1 for 1 cumulative 24
cost 1 for 1 cumulative 25
cost 1 for 1 cumulative 26
cost 1 for 1 cumulative 27
cost 1 for 1 cumulative 28
cost 1 for 1 cumulative 29
cost 1 for 1 cumulative 30
cost 2 for 1 cumulative 32
cost 1 for 1 cumulative 33
cost 1 for 1 cumulative 34
cost 1 for 1 cumulative 35
cost 1 for 1 cumulative 36
cost 1 for 1 cumulative 37
cost 1 for 1 cumulative 38
cost 1 for 1 cumulative 39
cost 1 for 1 cumulative 40
cost 1 for 1 cumulative 41
cost 1 for 1 cumulative 42
cost 1 for 1 cumulative 43
cost 1 for 1 cumulative 44
cost 2 for 1 cumulative 46
cost 1 for 1 cumulative 47
cost 1 for 1 cumulative 48
cost 1 for 1 cumulative 49
cost 1 for 1 cumulative 50
cost 1 for 1 cumulative 51
cost 1 for 1 cumulative 52
cost 1 for 1 cumulative 53
cost 1 for 1 cumulative 54
cost 1 for 1 cumulative 55
cost 2 for 1 cumulative 57
cost 1 for 1 cumulative 58
cost 1 for 1 cumulative 59
cost 2 for 1 cumulative 61
cost 2 for 1 cumulative 63
cost 1 for 1 cumulative 64
cost 1 for 1 cumulative 65
cost 2 for 1 cumulative 67
cost 1 for 1 cumulative 68
cost 2 for 1 cumulative 70
cost 2 for 1 cumulative 72
cost 1 for 1 cumulative 73
cost 1 for 1 cumulative 74
cost 1 for 1 cumulative 75
cost 1 for 1 cumulative 76
cost 1 for 1 cumulative 77
cost 1 for 1 cumulative 78
cost 1 for 1 cumulative 79
cost 2 for 1 cumulative 81
cost 1 for 1 cumulative 82
cost 1 for 1 cumulative 83
cost 1 for 1 cumulative 84
cost 1 for 1 cumulative 85
cost 1 for 1 cumulative 86
cost 1 for 1 cumulative 87
cost 1 for 1 cumulative 88
cost 1 for 1 cumulative 89
cost 2 for 1 cumulative 2
cost 1 for 1 cumulative 3
cost 1 for 1 cumulative 4
cost 1 for 1 cumulative 5
cost 1 for 1 cumulative 6
cost 2 for 1 cumulative 8
cost 1 for 1 cumulative 9
cost 1 for 1 cumulative 10
cost 1 for 1 cumulative 11
cost 2 for 1 cumulative 13
cost 2 for 1 cumulative 15
cost 1 for 1 cumulative 16
cost 2 for 1 cumulative 18
cost 2 for 1 cumulative 20
cost 2 for 1 cumulative 22
cost 1 for 1 cumulative 23
cost 1 for 1 cumulative 24
cost 1 for 1 cumulative 25
cost 1 for 1 cumulative 26
cost 1 for 1 cumulative 27
cost 1 for 1 cumulative 28
cost 1 for 1 cumulative 29
cost 1 for 1 cumulative 30
cost 2 for 1 cumulative 32
cost 1 for 1 cumulative 33
cost 1 for 1 cumulative 34
cost 1 for 1 cumulative 35
cost 1 for 1 cumulative 36
cost 1 for 1 cumulative 37
cost 1 for 1 cumulative 38
cost 1 for 1 cumulative 39
cost 1 for 1 cumulative 40
cost 1 for 1 cumulative 41
cost 1 for 1 cumulative 42
cost 1 for 1 cumulative 43
cost 1 for 1 cumulative 44
cost 2 for 1 cumulative 46
cost 1 for 1 cumulative 47
cost 1 for 1 cumulative 48
cost 1 for 1 cumulative 49
cost 1 for 1 cumulative 50
cost 1 for 1 cumulative 51
cost 1 for 1 cumulative 52
cost 1 for 1 cumulative 53
cost 1 for 1 cumulative 54
cost 1 for 1 cumulative 55
cost 2 for 1 cumulative 57
cost 1 for 1 cumulative 58
cost 1 for 1 cumulative 59
cost 1 for 1 cumulative 60
cost 2 for 1 cumulative 62
cost 1 for 1 cumulative 63
cost 1 for 1 cumulative 64
cost 2 for 1 cumulative 66
cost 1 for 1 cumulative 67
cost 2 for 1 cumulative 69
cost 2 for 1 cumulative 71
cost 1 for 1 cumulative 72
cost 1 for 1 cumulative 73
cost 1 for 1 cumulative 74
cost 1 for 1 cumulative 75
cost 1 for 1 cumulative 76
cost 1 for 1 cumulative 77
cost 1 for 1 cumulative 78
cost 2 for 1 cumulative 80
cost 1 for 1 cumulative 81
cost 1 for 1 cumulative 82
cost 1 for 1 cumulative 83
cost 1 for 1 cumulative 84
cost 1 for 1 cumulative 85
cost 1 for 1 cumulative 86
cost 1 for 1 cumulative 87
cost 1 for 1 cumulative 88
cost 1 for 1 cumulative 1
cost 1 for 1 cumulative 2
cost 1 for 1 cumulative 3
cost 1 for 1 cumulative 4
cost 1 for 1 cumulative 5
cost 2 for 1 cumulative 7
cost 1 for 1 cumulative 8
cost 1 for 1 cumulative 9
cost 1 for 1 cumulative 10
cost 2 for 1 cumulative 12
cost 2 for 1 cumulative 14
cost 1 for 1 cumulative 15
cost 2 for 1 cumulative 17
cost 2 for 1 cumulative 19
cost 2 for 1 cumulative 21
cost 1 for 1 cumulative 22
cost 1 for 1 cumulative 23
cost 1 for 1 cumulative 24
cost 1 for 1 cumulative 25
cost 1 for 1 cumulative 26
cost 1 for 1 cumulative 27
cost 1 for 1 cumulative 28
cost 1 for 1 cumulative 29
cost 2 for 1 cumulative 31
cost 1 for 1 cumulative 32
cost 1 for 1 cumulative 33
cost 1 for 1 cumulative 34
cost 1 for 1 cumulative 35
cost 1 for 1 cumulative 36
cost 1 for 1 cumulative 37
cost 1 for 1 cumulative 38
cost 1 for 1 cumulative 39
cost 1 for 1 cumulative 40
cost 1 for 1 cumulative 41
cost 1 for 1 cumulative 42
cost 1 for 1 cumulative 43
cost 2 for 1 cumulative 45
cost 1 for 1 cumulative 46
cost 1 for 1 cumulative 47
cost 1 for 1 cumulative 48
cost 1 for 1 cumulative 49
cost 1 for 1 cumulative 50
cost 1 for 1 cumulative 51
cost 1 for 1 cumulative 52
cost 1 for 1 cumulative 53
cost 1 for 1 cumulative 54
cost 2 for 1 cumulative 56
cost 1 for 1 cumulative 57
cost 1 for 1 cumulative 58
cost 2 for 1 cumulative 60
cost 2 for 1 cumulative 62
cost 1 for 1 cumulative 63
cost 1 for 1 cumulative 64
cost 2 for 1 cumulative 66
cost 1 for 1 cumulative 67
cost 2 for 1 cumulative 69
cost 2 for 1 cumulative 71
cost 1 for 1 cumulative 72
cost 1 for 1 cumulative 73
cost 1 for 1 cumulative 74
cost 1 for 1 cumulative 75
cost 1 for 1 cumulative 76
cost 1 for 1 cumulative 77
cost 1 for 1 cumulative 78
cost 2 for 1 cumulative 80
cost 1 for 1 cumulative 81
cost 1 for 1 cumulative 82
cost 1 for 1 cumulative 83
cost 1 for 1 cumulative 84
cost 1 for 1 cumulative 85
cost 1 for 1 cumulative 86
cost 1 for 1 cumulative 87
cost 1 for 1 cumulative 88
cost 2 for 1 cumulative 2
cost 1 for 1 cumulative 3
cost 1 for 1 cumulative 4
cost 1 for 1 cumulative 5
cost 1 for 1 cumulative 6
cost 2 for 1 cumulative 8
cost 1 for 1 cumulative 9
cost 1 for 1 cumulative 10
cost 1 for 1 cumulative 11
cost 2 for 1 cumulative 13
cost 2 for 1 cumulative 15
cost 1 for 1 cumulative 16
cost 2 for 1 cumulative 18
cost 2 for 1 cumulative 20
cost 2 for 1 cumulative 22
cost 1 for 1 cumulative 23
cost 1 for 1 cumulative 24
cost 1 for 1 cumulative 25
cost 1 for 1 cumulative 26
cost 1 for 1 cumulative 27
cost 1 for 1 cumulative 28
cost 1 for 1 cumulative 29
cost 1 for 1 cumulative 30
cost 2 for 1 cumulative 32
cost 1 for 1 cumulative 33
cost 1 for 1 cumulative 34
cost 1 for 1 cumulative 35
cost 1 for 1 cumulative 36
cost 1 for 1 cumulative 37
cost 1 for 1 cumulative 38
cost 1 for 1 cumulative 39
cost 1 for 1 cumulative 40
cost 1 for 1 cumulative 41
cost 1 for 1 cumulative 42
cost 1 for 1 cumulative 43
cost 1 for 1 cumulative 44
cost 2 for 1 cumulative 46
cost 1 for 1 cumulative 47
cost 1 for 1 cumulative 48
cost 1 for 1 cumulative 49
cost 1 for 1 cumulative 50
cost 1 for 1 cumulative 51
cost 1 for 1 cumulative 52
cost 1 for 1 cumulative 53
cost 1 for 1 cumulative 54
cost 1 for 1 cumulative 55
cost 2 for 1 cumulative 57
cost 1 for 1 cumulative 58
cost 1 for 1 cumulative 59
cost 2 for 1 cumulative 61
cost 2 for 1 cumulative 63
cost 1 for 1 cumulative 64
cost 1 for 1 cumulative 65
cost 2 for 1 cumulative 67
cost 1 for 1 cumulative 68
cost 2 for 1 cumulative 70
cost 2 for 1 cumulative 72
cost 1 for 1 cumulative 73
cost 1 for 1 cumulative 74
cost 1 for 1 cumulative 75
cost 1 for 1 cumulative 76
cost 1 for 1 cumulative 77
cost 1 for 1 cumulative 78
cost 1 for 1 cumulative 79
cost 2 for 1 cumulative 81
cost 1 for 1 cumulative 82
cost 1 for 1 cumulative 83
cost 1 for 1 cumulative 84
cost 1 for 1 cumulative 85
cost 1 for 1 cumulative 86
cost 1 for 1 cumulative 87
cost 1 for 1 cumulative 88
cost 1 for 1 cumulative 89
cost 2 for 1 cumulative 2
cost 1 for 1 cumulative 3
cost 1 for 1 cumulative 4
cost 1 for 1 cumulative 5
cost 1 for 1 cumulative 6
cost 2 for 1 cumulative 8
cost 1 for 1 cumulative 9
cost 1 for 1 cumulative 10
cost 1 for 1 cumulative 11
cost 2 for 1 cumulative 13
cost 2 for 1 cumulative 15
cost 1 for 1 cumulative 16
cost 2 for 1 cumulative 18
cost 2 for 1 cumulative 20
cost 2 for 1 cumulative 22
cost 1 for 1 cumulative 23
cost 1 for 1 cumulative 24
cost 1 for 1 cumulative 25
cost 1 for 1 cumulative 26
cost 1 for 1 cumulative 27
cost 1 for 1 cumulative 28
cost 1 for 1 cumulative 29
cost 1 for 1 cumulative 30
cost 2 for 1 cumulative 32
cost 1 for 1 cumulative 33
cost 1 for 1 cumulative 34
cost 1 for 1 cumulative 35
cost 1 for 1 cumulative 36
cost 1 for 1 cumulative 37
cost 1 for 1 cumulative 38
cost 1 for 1 cumulative 39
cost 1 for 1 cumulative 40
cost 1 for 1 cumulative 41
cost 1 for 1 cumulative 42
cost 1 for 1 cumulative 43
cost 1 for 1 cumulative 44
cost 2 for 1 cumulative 46
cost 1 for 1 cumulative 47
cost 1 for 1 cumulative 48
cost 1 for 1 cumulative 49
cost 1 for 1 cumulative 50
cost 1 for 1 cumulative 51
cost 1 for 1 cumulative 52
cost 1 for 1 cumulative 53
cost 1 for 1 cumulative 54
cost 1 for 1 cumulative 55
cost 2 for 1 cumulative 57
cost 1 for 1 cumulative 58
cost 1 for 1 cumulative 59
cost 1 for 1 cumulative 60
cost 2 for 1 cumulative 62
cost 1 for 1 cumulative 63
cost 1 for 1 cumulative 64
cost 2 for 1 cumulative 66
cost 1 for 1 cumulative 67
cost 2 for 1 cumulative 69
cost 2 for 1 cumulative 71
cost 1 for 1 cumulative 72
cost 1 for 1 cumulative 73
cost 1 for 1 cumulative 74
cost 1 for 1 cumulative 75
cost 1 for 1 cumulative 76
cost 1 for 1 cumulative 77
cost 1 for 1 cumulative 78
cost 2 for 1 cumulative 80
cost 1 for 1 cumulative 81
cost 1 for 1 cumulative 82
cost 1 for 1 cumulative 83
cost 1 for 1 cumulative 84
cost 1 for 1 cumulative 85
cost 1 for 1 cumulative 86
cost 1 for 1 cumulative 87
cost 1 for 1 cumulative 88
cost 2 for 1 cumulative 2
cost 1 for 1 cumulative 3
cost 1 for 1 cumulative 4
cost 1 for 1 cumulative 5
cost 1 for 1 cumulative 6
cost 2 for 1 cumulative 8
cost 1 for 1 cumulative 9
cost 1 for 1 cumulative 10
cost 1 for 1 cumulative 11
cost 2 for 1 cumulative 13
cost 2 for 1 cumulative 15
cost 1 for 1 cumulative 16
cost 2 for 1 cumulative 18
cost 2 for 1 cumulative 20
cost 2 for 1 cumulative 22
cost 1 for 1 cumulative 23
cost 1 for 1 cumulative 24
cost 1 for 1 cumulative 25
cost 1 for 1 cumulative 26
cost 1 for 1 cumulative 27
cost 1 for 1 cumulative 28
cost 1 for 1 cumulative 29
cost 1 for 1 cumulative 30
cost 2 for 1 cumulative 32
cost 1 for 1 cumulative 33
cost 1 for 1 cumulative 34
cost 1 for 1 cumulative 35
cost 1 for 1 cumulative 36
cost 1 for 1 cumulative 37
cost 1 for 1 cumulative 38
cost 1 for 1 cumulative 39
cost 1 for 1 cumulative 40
cost 1 for 1 cumulative 41
cost 1 for 1 cumulative 42
cost 1 for 1 cumulative 43
cost 1 for 1 cumulative 44
cost 2 for 1 cumulative 46
cost 1 for 1 cumulative 47
cost 1 for 1 cumulative 48
cost 1 for 1 cumulative 49
cost 1 for 1 cumulative 50
cost 1 for 1 cumulative 51
cost 1 for 1 cumulative 52
cost 1 for 1 cumulative 53
cost 1 for 1 cumulative 54
cost 1 for 1 cumulative 55
cost 2 for 1 cumulative 57
cost 1 for 1 cumulative 58
cost 1 for 1 cumulative 59
cost 2 for 1 cumulative 61
cost 2 for 1 cumulative 63
cost 1 for 1 cumulative 64
cost 1 for 1 cumulative 65
cost 2 for 1 cumulative 67
cost 1 for 1 cumulative 68
cost 2 for 1 cumulative 70
cost 2 for 1 cumulative 72
cost 1 for 1 cumulative 73
cost 1 for 1 cumulative 74
cost 1 for 1 cumulative 75
cost 1 for 1 cumulative 76
cost 1 for 1 cumulative 77
cost 1 for 1 cumulative 78
cost 1 for 1 cumulative 79
cost 2 for 1 cumulative 81
cost 1 for 1 cumulative 82
cost 1 for 1 cumulative 83
cost 1 for 1 cumulative 84
cost 1 for 1 cumulative 85
cost 1 for 1 cumulative 86
cost 1 for 1 cumulative 87
cost 1 for 1 cumulative 88
cost 1 for 1 cumulative 89
cost 2 for 1 cumulative 2
cost 1 for 1 cumulative 3
cost 1 for 1 cumulative 4
cost 1 for 1 cumulative 5
cost 1 for 1 cumulative 6
cost 2 for 1 cumulative 8
cost 1 for 1 cumulative 9
cost 1 for 1 cumulative 10
cost 1 for 1 cumulative 11
cost 2 for 1 cumulative 13
cost 2 for 1 cumulative 15
cost 1 for 1 cumulative 16
cost 2 for 1 cumulative 18
cost 2 for 1 cumulative 20
cost 2 for 1 cumulative 22
cost 1 for 1 cumulative 23
cost 1 for 1 cumulative 24
cost 1 for 1 cumulative 25
cost 1 for 1 cumulative 26
cost 1 for 1 cumulative 27
cost 1 for 1 cumulative 28
cost 1 for 1 cumulative 29
cost 1 for 1 cumulative 30
cost 2 for 1 cumulative 32
cost 1 for 1 cumulative 33
cost 1 for 1 cumulative 34
cost 1 for 1 cumulative 35
cost 1 for 1 cumulative 36
cost 1 for 1 cumulative 37
cost 1 for 1 cumulative 38
cost 1 for 1 cumulative 39
cost 1 for 1 cumulative 40
cost 1 for 1 cumulative 41
cost 1 for 1 cumulative 42
cost 1 for 1 cumulative 43
cost 1 for 1 cumulative 44
cost 2 for 1 cumulative 46
cost 1 for 1 cumulative 47
cost 1 for 1 cumulative 48
cost 1 for 1 cumulative 49
cost 1 for 1 cumulative 50
cost 1 for 1 cumulative 51
cost 1 for 1 cumulative 52
cost 1 for 1 cumulative 53
cost 1 for 1 cumulative 54
cost 1 for 1 cumulative 55
cost 2 for 1 cumulative 57
cost 1 for 1 cumulative 58
cost 1 for 1 cumulative 59
cost 1 for 1 cumulative 60
cost 2 for 1 cumulative 62
cost 1 for 1 cumulative 63
cost 1 for 1 cumulative 64
cost 2 for 1 cumulative 66
cost 1 for 1 cumulative 67
cost 2 for 1 cumulative 69
cost 2 for 1 cumulative 71
cost 1 for 1 cumulative 72
cost 1 for 1 cumulative 73
cost 1 for 1 cumulative 74
cost 1 for 1 cumulative 75
cost 1 for 1 cumulative 76
cost 1 for 1 cumulative 77
cost 1 for 1 cumulative 78
cost 2 for 1 cumulative 80
cost 1 for 1 cumulative 81
cost 1 for 1 cumulative 82
cost 1 for 1 cumulative 83
cost 1 for 1 cumulative 84
cost 1 for 1 cumulative 85
cost 1 for 1 cumulative 86
cost 1 for 1 cumulative 87
cost 1 for 1 cumulative 88
cost 2 for 1 cumulative 2
cost 1 for 1 cumulative 3
cost 1 for 1 cumulative 4
cost 1 for 1 cumulative 5
cost 1 for 1 cumulative 6
cost 2 for 1 cumulative 8
cost 1 for 1 cumulative 9
cost 1 for 1 cumulative 10
cost 1 for 1 cumulative 11
cost 2 for 1 cumulative 13
cost 2 for 1 cumulative 15
cost 1 for 1 cumulative 16
cost 2 for 1 cumulative 18
cost 2 for 1 cumulative 20
cost 2 for 1 cumulative 22
cost 1 for 1 cumulative 23
cost 1 for 1 cumulative 24
cost 1 for 1 cumulative 25
cost 1 for 1 cumulative 26
cost 1 for 1 cumulative 27
cost 1 for 1 cumulative 28
cost 1 for 1 cumulative 29
cost 1 for 1 cumulative 30
cost 2 for 1 cumulative 32
cost 1 for 1 cumulative 33
cost 1 for 1 cumulative 34
cost 1 for 1 cumulative 35
cost 1 for 1 cumulative 36
cost 1 for 1 cumulative 37
cost 1 for 1 cumulative 38
cost 1 for 1 cumulative 39
cost 1 for 1 cumulative 40
cost 1 for 1 cumulative 41
cost 1 for 1 cumulative 42
cost 1 for 1 cumulative 43
cost 1 for 1 cumulative 44
cost 2 for 1 cumulative 46
cost 1 for 1 cumulative 47
cost 1 for 1 cumulative 48
cost 1 for 1 cumulative 49
cost 1 for 1 cumulative 50
cost 1 for 1 cumulative 51
cost 1 for 1 cumulative 52
cost 1 for 1 cumulative 53
cost 1 for 1 cumulative 54
cost 1 for 1 cumulative 55
cost 2 for 1 cumulative 57
cost 1 for 1 cumulative 58
cost 1 for 1 cumulative 59
cost 1 for 1 cumulative 60
cost 2 for 1 cumulative 62
cost 1 for 1 cumulative 63
cost 1 for 1 cumulative 64
cost 2 for 1 cumulative 66
cost 1 for 1 cumulative 67
cost 2 for 1 cumulative 69
cost 2 for 1 cumulative 71
cost 1 for 1 cumulative 72
cost 1 for 1 cumulative 73
cost 1 for 1 cumulative 74
cost 1 for 1 cumulative 75
cost 1 for 1 cumulative 76
cost 1 for 1 cumulative 77
cost 1 for 1 cumulative 78
cost 2 for 1 cumulative 80
cost 1 for 1 cumulative 81
cost 1 for 1 cumulative 82
cost 1 for 1 cumulative 83
cost 1 for 1 cumulative 84
cost 1 for 1 cumulative 85
cost 1 for 1 cumulative 86
cost 1 for 1 cumulative 87
cost 1 for 1 cumulative 88
all-cumulative avg 88.45454545454545 stddev 1.0357254813546264
cost 2 for 1 cumulative 2
cost 1 for 1 cumulative 3
cost 1 for 1 cumulative 4
cost 1 for 1 cumulative 5
cost 1 for 1 cumulative 6
cost 3 for 2 cumulative 9
cost 2 for 2 cumulative 11
cost 2 for 1 cumulative 13
cost 2 for 1 cumulative 15
cost 1 for 1 cumulative 16
cost 2 for 1 cumulative 18
cost 2 for 1 cumulative 20
cost 2 for 1 cumulative 22
cost 1 for 1 cumulative 23
cost 1 for 1 cumulative 24
cost 2 for 2 cumulative 26
cost 1 for 1 cumulative 27
cost 1 for 1 cumulative 28
cost 1 for 1 cumulative 29
cost 1 for 1 cumulative 30
cost 3 for 2 cumulative 33
cost 2 for 2 cumulative 35
cost 2 for 2 cumulative 37
cost 2 for 2 cumulative 39
cost 1 for 1 cumulative 40
cost 2 for 2 cumulative 42
cost 1 for 1 cumulative 43
cost 3 for 3 cumulative 46
cost 1 for 1 cumulative 47
cost 1 for 1 cumulative 48
cost 1 for 1 cumulative 49
cost 1 for 1 cumulative 50
cost 1 for 1 cumulative 51
cost 1 for 1 cumulative 52
cost 1 for 1 cumulative 53
cost 3 for 2 cumulative 56
cost 1 for 1 cumulative 57
cost 1 for 1 cumulative 58
cost 3 for 2 cumulative 61
cost 1 for 1 cumulative 62
cost 1 for 1 cumulative 63
cost 2 for 1 cumulative 65
cost 1 for 1 cumulative 66
cost 2 for 1 cumulative 68
cost 2 for 1 cumulative 70
cost 1 for 1 cumulative 71
cost 1 for 1 cumulative 72
cost 2 for 2 cumulative 74
cost 1 for 1 cumulative 75
cost 1 for 1 cumulative 76
cost 1 for 1 cumulative 77
cost 2 for 1 cumulative 79
cost 1 for 1 cumulative 80
cost 1 for 1 cumulative 81
cost 2 for 2 cumulative 83
cost 1 for 1 cumulative 84
cost 2 for 2 cumulative 86
cost 1 for 1 cumulative 87
cost 2 for 2 cumulative 2
cost 1 for 1 cumulative 3
cost 1 for 1 cumulative 4
cost 1 for 1 cumulative 5
cost 3 for 2 cumulative 8
cost 2 for 2 cumulative 10
cost 2 for 1 cumulative 12
cost 2 for 1 cumulative 14
cost 1 for 1 cumulative 15
cost 2 for 1 cumulative 17
cost 2 for 1 cumulative 19
cost 2 for 1 cumulative 21
cost 1 for 1 cumulative 22
cost 1 for 1 cumulative 23
cost 2 for 2 cumulative 25
cost 1 for 1 cumulative 26
cost 1 for 1 cumulative 27
cost 2 for 2 cumulative 29
cost 3 for 2 cumulative 32
cost 2 for 2 cumulative 34
cost 2 for 2 cumulative 36
cost 2 for 2 cumulative 38
cost 1 for 1 cumulative 39
cost 2 for 2 cumulative 41
cost 1 for 1 cumulative 42
cost 3 for 3 cumulative 45
cost 1 for 1 cumulative 46
cost 1 for 1 cumulative 47
cost 1 for 1 cumulative 48
cost 1 for 1 cumulative 49
cost 1 for 1 cumulative 50
cost 1 for 1 cumulative 51
cost 1 for 1 cumulative 52
cost 3 for 2 cumulative 55
cost 1 for 1 cumulative 56
cost 1 for 1 cumulative 57
cost 3 for 2 cumulative 60
cost 1 for 1 cumulative 61
cost 1 for 1 cumulative 62
cost 2 for 1 cumulative 64
cost 1 for 1 cumulative 65
cost 2 for 1 cumulative 67
cost 2 for 1 cumulative 69
cost 1 for 1 cumulative 70
cost 1 for 1 cumulative 71
cost 2 for 2 cumulative 73
cost 1 for 1 cumulative 74
cost 1 for 1 cumulative 75
cost 1 for 1 cumulative 76
cost 2 for 1 cumulative 78
cost 1 for 1 cumulative 79
cost 1 for 1 cumulative 80
cost 2 for 2 cumulative 82
cost 1 for 1 cumulative 83
cost 2 for 2 cumulative 85
cost 1 for 1 cumulative 86
cost 2 for 1 cumulative 2
cost 1 for 1 cumulative 3
cost 1 for 1 cumulative 4
cost 1 for 1 cumulative 5
cost 1 for 1 cumulative 6
cost 3 for 2 cumulative 9
cost 2 for 2 cumulative 11
cost 2 for 1 cumulative 13
cost 2 for 1 cumulative 15
cost 1 for 1 cumulative 16
cost 2 for 1 cumulative 18
cost 2 for 1 cumulative 20
cost 2 for 1 cumulative 22
cost 1 for 1 cumulative 23
cost 1 for 1 cumulative 24
cost 2 for 2 cumulative 26
cost 1 for 1 cumulative 27
cost 1 for 1 cumulative 28
cost 1 for 1 cumulative 29
cost 1 for 1 cumulative 30
cost 3 for 2 cumulative 33
cost 2 for 2 cumulative 35
cost 2 for 2 cumulative 37
cost 2 for 2 cumulative 39
cost 1 for 1 cumulative 40
cost 2 for 2 cumulative 42
cost 1 for 1 cumulative 43
cost 3 for 3 cumulative 46
cost 1 for 1 cumulative 47
cost 1 for 1 cumulative 48
cost 1 for 1 cumulative 49
cost 1 for 1 cumulative 50
cost 1 for 1 cumulative 51
cost 1 for 1 cumulative 52
cost 1 for 1 cumulative 53
cost 3 for 2 cumulative 56
cost 1 for 1 cumulative 57
cost 1 for 1 cumulative 58
cost 3 for 2 cumulative 61
cost 1 for 1 cumulative 62
cost 1 for 1 cumulative 63
cost 2 for 1 cumulative 65
cost 1 for 1 cumulative 66
cost 2 for 1 cumulative 68
cost 2 for 1 cumulative 70
cost 1 for 1 cumulative 71
cost 1 for 1 cumulative 72
cost 3 for 3 cumulative 75
cost 1 for 1 cumulative 76
cost 1 for 1 cumulative 77
cost 2 for 1 cumulative 79
cost 1 for 1 cumulative 80
cost 1 for 1 cumulative 81
cost 2 for 2 cumulative 83
cost 1 for 1 cumulative 84
cost 2 for 2 cumulative 86
cost 1 for 1 cumulative 87
cost 2 for 1 cumulative 2
cost 1 for 1 cumulative 3
cost 1 for 1 cumulative 4
cost 1 for 1 cumulative 5
cost 1 for 1 cumulative 6
cost 3 for 2 cumulative 9
cost 2 for 2 cumulative 11
cost 2 for 1 cumulative 13
cost 2 for 1 cumulative 15
cost 1 for 1 cumulative 16
cost 2 for 1 cumulative 18
cost 2 for 1 cumulative 20
cost 2 for 1 cumulative 22
cost 1 for 1 cumulative 23
cost 1 for 1 cumulative 24
cost 2 for 2 cumulative 26
cost 1 for 1 cumulative 27
cost 1 for 1 cumulative 28
cost 1 for 1 cumulative 29
cost 1 for 1 cumulative 30
cost 3 for 2 cumulative 33
cost 2 for 2 cumulative 35
cost 2 for 2 cumulative 37
cost 2 for 2 cumulative 39
cost 1 for 1 cumulative 40
cost 2 for 2 cumulative 42
cost 1 for 1 cumulative 43
cost 3 for 3 cumulative 46
cost 1 for 1 cumulative 47
cost 1 for 1 cumulative 48
cost 1 for 1 cumulative 49
cost 1 for 1 cumulative 50
cost 1 for 1 cumulative 51
cost 1 for 1 cumulative 52
cost 1 for 1 cumulative 53
cost 3 for 2 cumulative 56
cost 1 for 1 cumulative 57
cost 1 for 1 cumulative 58
cost 3 for 2 cumulative 61
cost 1 for 1 cumulative 62
cost 1 for 1 cumulative 63
cost 2 for 1 cumulative 65
cost 1 for 1 cumulative 66
cost 2 for 1 cumulative 68
cost 2 for 1 cumulative 70
cost 1 for 1 cumulative 71
cost 1 for 1 cumulative 72
cost 2 for 2 cumulative 74
cost 1 for 1 cumulative 75
cost 1 for 1 cumulative 76
cost 1 for 1 cumulative 77
cost 2 for 1 cumulative 79
cost 1 for 1 cumulative 80
cost 1 for 1 cumulative 81
cost 2 for 2 cumulative 83
cost 1 for 1 cumulative 84
cost 2 for 2 cumulative 86
cost 1 for 1 cumulative 87
cost 2 for 1 cumulative 2
cost 1 for 1 cumulative 3
cost 1 for 1 cumulative 4
cost 1 for 1 cumulative 5
cost 1 for 1 cumulative 6
cost 3 for 2 cumulative 9
cost 2 for 2 cumulative 11
cost 2 for 1 cumulative 13
cost 2 for 1 cumulative 15
cost 1 for 1 cumulative 16
cost 2 for 1 cumulative 18
cost 2 for 1 cumulative 20
cost 2 for 1 cumulative 22
cost 1 for 1 cumulative 23
cost 1 for 1 cumulative 24
cost 2 for 2 cumulative 26
cost 1 for 1 cumulative 27
cost 1 for 1 cumulative 28
cost 1 for 1 cumulative 29
cost 1 for 1 cumulative 30
cost 3 for 2 cumulative 33
cost 2 for 1 cumulative 35
cost 1 for 1 cumulative 36
cost 2 for 2 cumulative 38
cost 2 for 2 cumulative 40
cost 1 for 1 cumulative 41
cost 1 for 1 cumulative 42
cost 1 for 1 cumulative 43
cost 1 for 1 cumulative 44
cost 3 for 3 cumulative 47
cost 1 for 1 cumulative 48
cost 1 for 1 cumulative 49
cost 1 for 1 cumulative 50
cost 1 for 1 cumulative 51
cost 1 for 1 cumulative 52
cost 1 for 1 cumulative 53
cost 1 for 1 cumulative 54
cost 3 for 2 cumulative 57
cost 1 for 1 cumulative 58
cost 1 for 1 cumulative 59
cost 3 for 2 cumulative 62
cost 1 for 1 cumulative 63
cost 1 for 1 cumulative 64
cost 2 for 1 cumulative 66
cost 1 for 1 cumulative 67
cost 2 for 1 cumulative 69
cost 2 for 1 cumulative 71
cost 1 for 1 cumulative 72
cost 1 for 1 cumulative 73
cost 2 for 2 cumulative 75
cost 1 for 1 cumulative 76
cost 1 for 1 cumulative 77
cost 1 for 1 cumulative 78
cost 2 for 1 cumulative 80
cost 1 for 1 cumulative 81
cost 1 for 1 cumulative 82
cost 2 for 2 cumulative 84
cost 1 for 1 cumulative 85
cost 2 for 2 cumulative 87
cost 1 for 1 cumulative 88
cost 2 for 1 cumulative 2
cost 1 for 1 cumulative 3
cost 1 for 1 cumulative 4
cost 1 for 1 cumulative 5
cost 1 for 1 cumulative 6
cost 3 for 2 cumulative 9
cost 2 for 2 cumulative 11
cost 2 for 1 cumulative 13
cost 2 for 1 cumulative 15
cost 1 for 1 cumulative 16
cost 2 for 1 cumulative 18
cost 2 for 1 cumulative 20
cost 2 for 1 cumulative 22
cost 1 for 1 cumulative 23
cost 1 for 1 cumulative 24
cost 2 for 2 cumulative 26
cost 1 for 1 cumulative 27
cost 1 for 1 cumulative 28
cost 1 for 1 cumulative 29
cost 1 for 1 cumulative 30
cost 3 for 2 cumulative 33
cost 2 for 2 cumulative 35
cost 2 for 2 cumulative 37
cost 2 for 2 cumulative 39
cost 1 for 1 cumulative 40
cost 2 for 2 cumulative 42
cost 1 for 1 cumulative 43
cost 3 for 3 cumulative 46
cost 1 for 1 cumulative 47
cost 1 for 1 cumulative 48
cost 1 for 1 cumulative 49
cost 1 for 1 cumulative 50
cost 1 for 1 cumulative 51
cost 1 for 1 cumulative 52
cost 1 for 1 cumulative 53
cost 3 for 2 cumulative 56
cost 1 for 1 cumulative 57
cost 1 for 1 cumulative 58
cost 3 for 2 cumulative 61
cost 1 for 1 cumulative 62
cost 1 for 1 cumulative 63
cost 2 for 1 cumulative 65
cost 1 for 1 cumulative 66
cost 2 for 1 cumulative 68
cost 2 for 1 cumulative 70
cost 1 for 1 cumulative 71
cost 1 for 1 cumulative 72
cost 3 for 3 cumulative 75
cost 1 for 1 cumulative 76
cost 1 for 1 cumulative 77
cost 2 for 1 cumulative 79
cost 1 for 1 cumulative 80
cost 1 for 1 cumulative 81
cost 2 for 1 cumulative 83
cost 1 for 1 cumulative 84
cost 1 for 1 cumulative 85
cost 2 for 2 cumulative 87
cost 1 for 1 cumulative 88
cost 2 for 1 cumulative 2
cost 1 for 1 cumulative 3
cost 1 for 1 cumulative 4
cost 1 for 1 cumulative 5
cost 1 for 1 cumulative 6
cost 3 for 2 cumulative 9
cost 2 for 2 cumulative 11
cost 2 for 1 cumulative 13
cost 2 for 1 cumulative 15
cost 1 for 1 cumulative 16
cost 2 for 1 cumulative 18
cost 2 for 1 cumulative 20
cost 2 for 1 cumulative 22
cost 1 for 1 cumulative 23
cost 1 for 1 cumulative 24
cost 2 for 2 cumulative 26
cost 1 for 1 cumulative 27
cost 1 for 1 cumulative 28
cost 1 for 1 cumulative 29
cost 1 for 1 cumulative 30
cost 3 for 2 cumulative 33
cost 2 for 2 cumulative 35
cost 2 for 2 cumulative 37
cost 2 for 2 cumulative 39
cost 1 for 1 cumulative 40
cost 1 for 1 cumulative 41
cost 1 for 1 cumulative 42
cost 1 for 1 cumulative 43
cost 3 for 3 cumulative 46
cost 1 for 1 cumulative 47
cost 1 for 1 cumulative 48
cost 1 for 1 cumulative 49
cost 1 for 1 cumulative 50
cost 1 for 1 cumulative 51
cost 1 for 1 cumulative 52
cost 1 for 1 cumulative 53
cost 3 for 2 cumulative 56
cost 1 for 1 cumulative 57
cost 1 for 1 cumulative 58
cost 3 for 2 cumulative 61
cost 1 for 1 cumulative 62
cost 1 for 1 cumulative 63
cost 2 for 1 cumulative 65
cost 1 for 1 cumulative 66
cost 2 for 1 cumulative 68
cost 2 for 1 cumulative 70
cost 1 for 1 cumulative 71
cost 1 for 1 cumulative 72
cost 2 for 2 cumulative 74
cost 1 for 1 cumulative 75
cost 1 for 1 cumulative 76
cost 1 for 1 cumulative 77
cost 2 for 1 cumulative 79
cost 1 for 1 cumulative 80
cost 1 for 1 cumulative 81
cost 2 for 2 cumulative 83
cost 1 for 1 cumulative 84
cost 2 for 2 cumulative 86
cost 1 for 1 cumulative 87
cost 2 for 1 cumulative 2
cost 1 for 1 cumulative 3
cost 1 for 1 cumulative 4
cost 1 for 1 cumulative 5
cost 1 for 1 cumulative 6
cost 3 for 2 cumulative 9
cost 2 for 2 cumulative 11
cost 2 for 1 cumulative 13
cost 2 for 1 cumulative 15
cost 3 for 2 cumulative 18
cost 2 for 1 cumulative 20
cost 2 for 1 cumulative 22
cost 1 for 1 cumulative 23
cost 1 for 1 cumulative 24
cost 2 for 2 cumulative 26
cost 1 for 1 cumulative 27
cost 1 for 1 cumulative 28
cost 1 for 1 cumulative 29
cost 1 for 1 cumulative 30
cost 3 for 2 cumulative 33
cost 2 for 2 cumulative 35
cost 2 for 2 cumulative 37
cost 2 for 2 cumulative 39
cost 1 for 1 cumulative 40
cost 2 for 2 cumulative 42
cost 1 for 1 cumulative 43
cost 3 for 3 cumulative 46
cost 1 for 1 cumulative 47
cost 1 for 1 cumulative 48
cost 1 for 1 cumulative 49
cost 1 for 1 cumulative 50
cost 1 for 1 cumulative 51
cost 1 for 1 cumulative 52
cost 1 for 1 cumulative 53
cost 3 for 2 cumulative 56
cost 1 for 1 cumulative 57
cost 1 for 1 cumulative 58
cost 3 for 2 cumulative 61
cost 1 for 1 cumulative 62
cost 1 for 1 cumulative 63
cost 2 for 1 cumulative 65
cost 1 for 1 cumulative 66
cost 2 for 1 cumulative 68
cost 2 for 1 cumulative 70
cost 1 for 1 cumulative 71
cost 1 for 1 cumulative 72
cost 2 for 2 cumulative 74
cost 1 for 1 cumulative 75
cost 1 for 1 cumulative 76
cost 1 for 1 cumulative 77
cost 2 for 1 cumulative 79
cost 1 for 1 cumulative 80
cost 1 for 1 cumulative 81
cost 2 for 2 cumulative 83
cost 1 for 1 cumulative 84
cost 2 for 2 cumulative 86
cost 1 for 1 cumulative 87
cost 2 for 1 cumulative 2
cost 1 for 1 cumulative 3
cost 1 for 1 cumulative 4
cost 1 for 1 cumulative 5
cost 1 for 1 cumulative 6
cost 3 for 2 cumulative 9
cost 2 for 2 cumulative 11
cost 2 for 1 cumulative 13
cost 2 for 1 cumulative 15
cost 1 for 1 cumulative 16
cost 2 for 1 cumulative 18
cost 2 for 1 cumulative 20
cost 2 for 1 cumulative 22
cost 1 for 1 cumulative 23
cost 1 for 1 cumulative 24
cost 2 for 2 cumulative 26
cost 1 for 1 cumulative 27
cost 1 for 1 cumulative 28
cost 1 for 1 cumulative 29
cost 1 for 1 cumulative 30
cost 3 for 2 cumulative 33
cost 2 for 2 cumulative 35
cost 2 for 2 cumulative 37
cost 2 for 2 cumulative 39
cost 1 for 1 cumulative 40
cost 2 for 2 cumulative 42
cost 1 for 1 cumulative 43
cost 3 for 3 cumulative 46
cost 1 for 1 cumulative 47
cost 1 for 1 cumulative 48
cost 1 for 1 cumulative 49
cost 1 for 1 cumulative 50
cost 1 for 1 cumulative 51
cost 1 for 1 cumulative 52
cost 1 for 1 cumulative 53
cost 3 for 2 cumulative 56
cost 1 for 1 cumulative 57
cost 1 for 1 cumulative 58
cost 3 for 2 cumulative 61
cost 1 for 1 cumulative 62
cost 1 for 1 cumulative 63
cost 2 for 1 cumulative 65
cost 1 for 1 cumulative 66
cost 2 for 1 cumulative 68
cost 2 for 1 cumulative 70
cost 1 for 1 cumulative 71
cost 1 for 1 cumulative 72
cost 2 for 2 cumulative 74
cost 1 for 1 cumulative 75
cost 1 for 1 cumulative 76
cost 1 for 1 cumulative 77
cost 2 for 1 cumulative 79
cost 1 for 1 cumulative 80
cost 1 for 1 cumulative 81
cost 2 for 2 cumulative 83
cost 1 for 1 cumulative 84
cost 2 for 2 cumulative 86
cost 1 for 1 cumulative 87 leftover
cost 2 for 1 cumulative 2
cost 1 for 1 cumulative 3
cost 1 for 1 cumulative 4
cost 1 for 1 cumulative 5
cost 1 for 1 cumulative 6
cost 3 for 2 cumulative 9
cost 2 for 2 cumulative 11
cost 2 for 1 cumulative 13
cost 2 for 1 cumulative 15
cost 1 for 1 cumulative 16
cost 2 for 1 cumulative 18
cost 2 for 1 cumulative 20
cost 2 for 1 cumulative 22
cost 1 for 1 cumulative 23
cost 1 for 1 cumulative 24
cost 2 for 2 cumulative 26
cost 1 for 1 cumulative 27
cost 1 for 1 cumulative 28
cost 1 for 1 cumulative 29
cost 1 for 1 cumulative 30
cost 3 for 2 cumulative 33
cost 2 for 2 cumulative 35
cost 2 for 2 cumulative 37
cost 2 for 2 cumulative 39
cost 1 for 1 cumulative 40
cost 2 for 2 cumulative 42
cost 1 for 1 cumulative 43
cost 3 for 3 cumulative 46
cost 1 for 1 cumulative 47
cost 1 for 1 cumulative 48
cost 1 for 1 cumulative 49
cost 1 for 1 cumulative 50
cost 1 for 1 cumulative 51
cost 1 for 1 cumulative 52
cost 1 for 1 cumulative 53
cost 3 for 2 cumulative 56
cost 1 for 1 cumulative 57
cost 1 for 1 cumulative 58
cost 3 for 2 cumulative 61
cost 1 for 1 cumulative 62
cost 1 for 1 cumulative 63
cost 2 for 1 cumulative 65
cost 1 for 1 cumulative 66
cost 2 for 1 cumulative 68
cost 2 for 1 cumulative 70
cost 1 for 1 cumulative 71
cost 1 for 1 cumulative 72
cost 2 for 2 cumulative 74
cost 1 for 1 cumulative 75
cost 1 for 1 cumulative 76
cost 1 for 1 cumulative 77
cost 2 for 1 cumulative 79
cost 1 for 1 cumulative 80
cost 1 for 1 cumulative 81
cost 2 for 2 cumulative 83
cost 1 for 1 cumulative 84
cost 2 for 2 cumulative 86
cost 1 for 1 cumulative 87
cost 2 for 2 cumulative 2
cost 1 for 1 cumulative 3
cost 1 for 1 cumulative 4
cost 3 for 2 cumulative 7
cost 1 for 1 cumulative 8
cost 2 for 1 cumulative 10
cost 1 for 1 cumulative 11
cost 2 for 1 cumulative 13
cost 2 for 1 cumulative 15
cost 1 for 1 cumulative 16
cost 2 for 1 cumulative 18
cost 2 for 1 cumulative 20
cost 2 for 1 cumulative 22
cost 1 for 1 cumulative 23
cost 1 for 1 cumulative 24
cost 2 for 2 cumulative 26
cost 1 for 1 cumulative 27
cost 1 for 1 cumulative 28
cost 1 for 1 cumulative 29
cost 1 for 1 cumulative 30
cost 3 for 2 cumulative 33
cost 2 for 2 cumulative 35
cost 2 for 2 cumulative 37
cost 2 for 2 cumulative 39
cost 1 for 1 cumulative 40
cost 1 for 1 cumulative 41
cost 1 for 1 cumulative 42
cost 1 for 1 cumulative 43
cost 4 for 4 cumulative 47
cost 1 for 1 cumulative 48
cost 1 for 1 cumulative 49
cost 1 for 1 cumulative 50
cost 1 for 1 cumulative 51
cost 1 for 1 cumulative 52
cost 1 for 1 cumulative 53
cost 3 for 2 cumulative 56
cost 1 for 1 cumulative 57
cost 1 for 1 cumulative 58
cost 3 for 2 cumulative 61
cost 1 for 1 cumulative 62
cost 1 for 1 cumulative 63
cost 2 for 1 cumulative 65
cost 1 for 1 cumulative 66
cost 2 for 1 cumulative 68
cost 2 for 1 cumulative 70
cost 1 for 1 cumulative 71
cost 1 for 1 cumulative 72
cost 2 for 2 cumulative 74
cost 1 for 1 cumulative 75
cost 1 for 1 cumulative 76
cost 1 for 1 cumulative 77
cost 2 for 1 cumulative 79
cost 1 for 1 cumulative 80
cost 1 for 1 cumulative 81
cost 2 for 2 cumulative 83
cost 1 for 1 cumulative 84
cost 2 for 2 cumulative 86
cost 1 for 1 cumulative 87
all-cumulative avg 87.0909090909091 stddev 0.5393598899705937
cost 3 for 3 cumulative 3
cost 2 for 2 cumulative 5
cost 3 for 2 cumulative 8
cost 2 for 2 cumulative 10
cost 2 for 1 cumulative 12
cost 3 for 2 cumulative 15
cost 2 for 1 cumulative 17
cost 2 for 1 cumulative 19
cost 2 for 1 cumulative 21
cost 2 for 2 cumulative 23
cost 3 for 3 cumulative 26
cost 2 for 2 cumulative 28
cost 1 for 1 cumulative 29
cost 4 for 3 cumulative 33
cost 1 for 1 cumulative 34
cost 3 for 3 cumulative 37
cost 1 for 1 cumulative 38
cost 1 for 1 cumulative 39
cost 2 for 2 cumulative 41
cost 2 for 2 cumulative 43
cost 2 for 1 cumulative 45
cost 2 for 2 cumulative 47
cost 1 for 1 cumulative 48
cost 2 for 2 cumulative 50
cost 2 for 2 cumulative 52
cost 4 for 3 cumulative 56
cost 1 for 1 cumulative 57
cost 4 for 4 cumulative 61
cost 3 for 3 cumulative 64
cost 2 for 1 cumulative 66
cost 2 for 1 cumulative 68
cost 1 for 1 cumulative 69
cost 1 for 1 cumulative 70
cost 3 for 3 cumulative 73
cost 1 for 1 cumulative 74
cost 1 for 1 cumulative 75
cost 2 for 1 cumulative 77
cost 1 for 1 cumulative 78
cost 1 for 1 cumulative 79
cost 2 for 2 cumulative 81
cost 1 for 1 cumulative 82
cost 2 for 2 cumulative 84
cost 1 for 1 cumulative 85 leftover
cost 2 for 1 cumulative 2
cost 2 for 2 cumulative 4
cost 2 for 2 cumulative 6
cost 3 for 1 cumulative 9
cost 1 for 1 cumulative 10
cost 2 for 2 cumulative 12
cost 2 for 1 cumulative 14
cost 3 for 2 cumulative 17
cost 2 for 1 cumulative 19
cost 2 for 1 cumulative 21
cost 2 for 1 cumulative 23
cost 2 for 2 cumulative 25
cost 3 for 3 cumulative 28
cost 2 for 2 cumulative 30
cost 1 for 1 cumulative 31
cost 4 for 3 cumulative 35
cost 1 for 1 cumulative 36
cost 3 for 3 cumulative 39
cost 1 for 1 cumulative 40
cost 1 for 1 cumulative 41
cost 2 for 2 cumulative 43
cost 2 for 2 cumulative 45
cost 2 for 1 cumulative 47
cost 2 for 2 cumulative 49
cost 1 for 1 cumulative 50
cost 2 for 2 cumulative 52
cost 2 for 2 cumulative 54
cost 4 for 3 cumulative 58
cost 1 for 1 cumulative 59
cost 4 for 4 cumulative 63
cost 3 for 3 cumulative 66
cost 2 for 1 cumulative 68
cost 2 for 1 cumulative 70
cost 1 for 1 cumulative 71
cost 1 for 1 cumulative 72
cost 3 for 3 cumulative 75
cost 1 for 1 cumulative 76
cost 3 for 2 cumulative 79
cost 1 for 1 cumulative 80
cost 1 for 1 cumulative 81
cost 2 for 2 cumulative 83
cost 2 for 2 cumulative 85
cost 2 for 2 cumulative 87
cost 2 for 1 cumulative 2
cost 2 for 2 cumulative 4
cost 2 for 2 cumulative 6
cost 3 for 2 cumulative 9
cost 2 for 2 cumulative 11
cost 2 for 1 cumulative 13
cost 3 for 2 cumulative 16
cost 2 for 1 cumulative 18
cost 2 for 1 cumulative 20
cost 2 for 1 cumulative 22
cost 2 for 2 cumulative 24
cost 3 for 3 cumulative 27
cost 2 for 2 cumulative 29
cost 1 for 1 cumulative 30
cost 4 for 3 cumulative 34
cost 1 for 1 cumulative 35
cost 3 for 3 cumulative 38
cost 1 for 1 cumulative 39
cost 1 for 1 cumulative 40
cost 2 for 2 cumulative 42
cost 2 for 2 cumulative 44
cost 2 for 1 cumulative 46
cost 2 for 2 cumulative 48
cost 1 for 1 cumulative 49
cost 2 for 2 cumulative 51
cost 3 for 3 cumulative 54
cost 3 for 2 cumulative 57
cost 1 for 1 cumulative 58
cost 4 for 4 cumulative 62
cost 3 for 3 cumulative 65
cost 2 for 1 cumulative 67
cost 2 for 1 cumulative 69
cost 1 for 1 cumulative 70
cost 1 for 1 cumulative 71
cost 3 for 3 cumulative 74
cost 1 for 1 cumulative 75
cost 1 for 1 cumulative 76
cost 2 for 1 cumulative 78
cost 1 for 1 cumulative 79
cost 1 for 1 cumulative 80
cost 2 for 2 cumulative 82
cost 1 for 1 cumulative 83
cost 2 for 2 cumulative 85
cost 1 for 1 cumulative 86 leftover
cost 2 for 1 cumulative 2
cost 2 for 2 cumulative 4
cost 2 for 2 cumulative 6
cost 3 for 2 cumulative 9
cost 2 for 2 cumulative 11
cost 2 for 1 cumulative 13
cost 3 for 2 cumulative 16
cost 2 for 1 cumulative 18
cost 2 for 1 cumulative 20
cost 2 for 1 cumulative 22
cost 2 for 2 cumulative 24
cost 3 for 3 cumulative 27
cost 2 for 2 cumulative 29
cost 1 for 1 cumulative 30
cost 4 for 3 cumulative 34
cost 1 for 1 cumulative 35
cost 2 for 2 cumulative 37
cost 2 for 2 cumulative 39
cost 1 for 1 cumulative 40
cost 2 for 2 cumulative 42
cost 2 for 2 cumulative 44
cost 2 for 1 cumulative 46
cost 2 for 2 cumulative 48
cost 1 for 1 cumulative 49
cost 2 for 2 cumulative 51
cost 2 for 2 cumulative 53
cost 4 for 3 cumulative 57
cost 1 for 1 cumulative 58
cost 4 for 4 cumulative 62
cost 3 for 3 cumulative 65
cost 2 for 1 cumulative 67
cost 2 for 1 cumulative 69
cost 1 for 1 cumulative 70
cost 1 for 1 cumulative 71
cost 3 for 3 cumulative 74
cost 1 for 1 cumulative 75
cost 1 for 1 cumulative 76
cost 2 for 1 cumulative 78
cost 1 for 1 cumulative 79
cost 1 for 1 cumulative 80
cost 2 for 2 cumulative 82
cost 1 for 1 cumulative 83
cost 2 for 2 cumulative 85
cost 1 for 1 cumulative 86 leftover
cost 2 for 1 cumulative 2
cost 2 for 2 cumulative 4
cost 2 for 2 cumulative 6
cost 3 for 2 cumulative 9
cost 2 for 2 cumulative 11
cost 2 for 1 cumulative 13
cost 3 for 2 cumulative 16
cost 2 for 1 cumulative 18
cost 2 for 1 cumulative 20
cost 2 for 1 cumulative 22
cost 2 for 2 cumulative 24
cost 3 for 3 cumulative 27
cost 2 for 2 cumulative 29
cost 1 for 1 cumulative 30
cost 4 for 3 cumulative 34
cost 1 for 1 cumulative 35
cost 2 for 2 cumulative 37
cost 2 for 2 cumulative 39
cost 1 for 1 cumulative 40
cost 2 for 2 cumulative 42
cost 2 for 2 cumulative 44
cost 2 for 1 cumulative 46
cost 2 for 2 cumulative 48
cost 1 for 1 cumulative 49
cost 2 for 2 cumulative 51
cost 2 for 2 cumulative 53
cost 4 for 3 cumulative 57
cost 1 for 1 cumulative 58
cost 4 for 4 cumulative 62
cost 3 for 3 cumulative 65
cost 2 for 1 cumulative 67
cost 2 for 1 cumulative 69
cost 1 for 1 cumulative 70
cost 1 for 1 cumulative 71
cost 3 for 3 cumulative 74
cost 1 for 1 cumulative 75
cost 3 for 2 cumulative 78
cost 1 for 1 cumulative 79
cost 1 for 1 cumulative 80
cost 2 for 2 cumulative 82
cost 2 for 2 cumulative 84
cost 2 for 2 cumulative 86
cost 2 for 1 cumulative 2
cost 2 for 2 cumulative 4
cost 2 for 2 cumulative 6
cost 3 for 2 cumulative 9
cost 2 for 2 cumulative 11
cost 2 for 1 cumulative 13
cost 3 for 2 cumulative 16
cost 2 for 1 cumulative 18
cost 2 for 1 cumulative 20
cost 2 for 1 cumulative 22
cost 2 for 2 cumulative 24
cost 3 for 3 cumulative 27
cost 2 for 2 cumulative 29
cost 1 for 1 cumulative 30
cost 4 for 3 cumulative 34
cost 1 for 1 cumulative 35
cost 2 for 2 cumulative 37
cost 2 for 2 cumulative 39
cost 1 for 1 cumulative 40
cost 2 for 2 cumulative 42
cost 2 for 2 cumulative 44
cost 2 for 1 cumulative 46
cost 2 for 2 cumulative 48
cost 1 for 1 cumulative 49
cost 2 for 2 cumulative 51
cost 2 for 2 cumulative 53
cost 4 for 3 cumulative 57
cost 1 for 1 cumulative 58
cost 4 for 3 cumulative 62
cost 1 for 1 cumulative 63
cost 3 for 3 cumulative 66
cost 2 for 1 cumulative 68
cost 2 for 1 cumulative 70
cost 1 for 1 cumulative 71
cost 1 for 1 cumulative 72
cost 3 for 3 cumulative 75
cost 1 for 1 cumulative 76
cost 1 for 1 cumulative 77
cost 2 for 1 cumulative 79
cost 1 for 1 cumulative 80
cost 1 for 1 cumulative 81
cost 2 for 2 cumulative 83
cost 1 for 1 cumulative 84
cost 2 for 2 cumulative 86
cost 1 for 1 cumulative 87 leftover
cost 2 for 1 cumulative 2
cost 2 for 2 cumulative 4
cost 2 for 2 cumulative 6
cost 3 for 2 cumulative 9
cost 2 for 2 cumulative 11
cost 2 for 1 cumulative 13
cost 3 for 2 cumulative 16
cost 2 for 1 cumulative 18
cost 2 for 1 cumulative 20
cost 2 for 1 cumulative 22
cost 2 for 2 cumulative 24
cost 3 for 3 cumulative 27
cost 2 for 2 cumulative 29
cost 1 for 1 cumulative 30
cost 4 for 3 cumulative 34
cost 1 for 1 cumulative 35
cost 2 for 2 cumulative 37
cost 2 for 2 cumulative 39
cost 1 for 1 cumulative 40
cost 2 for 2 cumulative 42
cost 2 for 2 cumulative 44
cost 2 for 1 cumulative 46
cost 2 for 2 cumulative 48
cost 1 for 1 cumulative 49
cost 2 for 2 cumulative 51
cost 2 for 2 cumulative 53
cost 4 for 3 cumulative 57
cost 1 for 1 cumulative 58
cost 4 for 4 cumulative 62
cost 3 for 3 cumulative 65
cost 2 for 1 cumulative 67
cost 2 for 1 cumulative 69
cost 1 for 1 cumulative 70
cost 1 for 1 cumulative 71
cost 3 for 3 cumulative 74
cost 1 for 1 cumulative 75
cost 1 for 1 cumulative 76
cost 2 for 1 cumulative 78
cost 1 for 1 cumulative 79
cost 1 for 1 cumulative 80
cost 2 for 2 cumulative 82
cost 1 for 1 cumulative 83
cost 2 for 2 cumulative 85
cost 1 for 1 cumulative 86 leftover
cost 2 for 1 cumulative 2
cost 2 for 2 cumulative 4
cost 2 for 2 cumulative 6
cost 3 for 2 cumulative 9
cost 2 for 1 cumulative 11
cost 1 for 1 cumulative 12
cost 2 for 1 cumulative 14
cost 3 for 2 cumulative 17
cost 2 for 1 cumulative 19
cost 2 for 1 cumulative 21
cost 2 for 1 cumulative 23
cost 2 for 2 cumulative 25
cost 3 for 3 cumulative 28
cost 2 for 2 cumulative 30
cost 1 for 1 cumulative 31
cost 4 for 3 cumulative 35
cost 1 for 1 cumulative 36
cost 3 for 3 cumulative 39
cost 1 for 1 cumulative 40
cost 1 for 1 cumulative 41
cost 2 for 2 cumulative 43
cost 2 for 2 cumulative 45
cost 2 for 1 cumulative 47
cost 2 for 2 cumulative 49
cost 1 for 1 cumulative 50
cost 2 for 2 cumulative 52
cost 2 for 2 cumulative 54
cost 4 for 3 cumulative 58
cost 1 for 1 cumulative 59
cost 4 for 4 cumulative 63
cost 3 for 3 cumulative 66
cost 2 for 1 cumulative 68
cost 2 for 1 cumulative 70
cost 1 for 1 cumulative 71
cost 1 for 1 cumulative 72
cost 3 for 3 cumulative 75
cost 1 for 1 cumulative 76
cost 3 for 2 cumulative 79
cost 1 for 1 cumulative 80
cost 1 for 1 cumulative 81
cost 2 for 2 cumulative 83
cost 1 for 1 cumulative 84
cost 2 for 2 cumulative 86
cost 1 for 1 cumulative 87 leftover
cost 3 for 3 cumulative 3
cost 2 for 2 cumulative 5
cost 3 for 2 cumulative 8
cost 2 for 2 cumulative 10
cost 2 for 1 cumulative 12
cost 3 for 2 cumulative 15
cost 2 for 1 cumulative 17
cost 2 for 1 cumulative 19
cost 2 for 1 cumulative 21
cost 2 for 2 cumulative 23
cost 3 for 3 cumulative 26
cost 2 for 2 cumulative 28
cost 1 for 1 cumulative 29
cost 4 for 3 cumulative 33
cost 1 for 1 cumulative 34
cost 3 for 3 cumulative 37
cost 1 for 1 cumulative 38
cost 1 for 1 cumulative 39
cost 2 for 2 cumulative 41
cost 2 for 2 cumulative 43
cost 2 for 1 cumulative 45
cost 2 for 2 cumulative 47
cost 1 for 1 cumulative 48
cost 2 for 2 cumulative 50
cost 2 for 2 cumulative 52
cost 4 for 3 cumulative 56
cost 1 for 1 cumulative 57
cost 4 for 4 cumulative 61
cost 6 for 5 cumulative 67
cost 1 for 1 cumulative 68
cost 1 for 1 cumulative 69
cost 3 for 3 cumulative 72
cost 1 for 1 cumulative 73
cost 1 for 1 cumulative 74
cost 2 for 1 cumulative 76
cost 1 for 1 cumulative 77
cost 1 for 1 cumulative 78
cost 2 for 2 cumulative 80
cost 1 for 1 cumulative 81
cost 2 for 2 cumulative 83
cost 1 for 1 cumulative 84 leftover
cost 2 for 1 cumulative 2
cost 2 for 2 cumulative 4
cost 2 for 2 cumulative 6
cost 3 for 2 cumulative 9
cost 2 for 2 cumulative 11
cost 2 for 1 cumulative 13
cost 3 for 2 cumulative 16
cost 2 for 1 cumulative 18
cost 2 for 1 cumulative 20
cost 2 for 1 cumulative 22
cost 2 for 2 cumulative 24
cost 3 for 3 cumulative 27
cost 2 for 2 cumulative 29
cost 1 for 1 cumulative 30
cost 4 for 3 cumulative 34
cost 1 for 1 cumulative 35
cost 2 for 2 cumulative 37
cost 2 for 2 cumulative 39
cost 1 for 1 cumulative 40
cost 2 for 2 cumulative 42
cost 2 for 2 cumulative 44
cost 2 for 1 cumulative 46
cost 2 for 2 cumulative 48
cost 1 for 1 cumulative 49
cost 2 for 2 cumulative 51
cost 2 for 2 cumulative 53
cost 4 for 3 cumulative 57
cost 1 for 1 cumulative 58
cost 4 for 4 cumulative 62
cost 3 for 3 cumulative 65
cost 2 for 1 cumulative 67
cost 2 for 1 cumulative 69
cost 1 for 1 cumulative 70
cost 1 for 1 cumulative 71
cost 3 for 3 cumulative 74
cost 1 for 1 cumulative 75
cost 1 for 1 cumulative 76
cost 2 for 1 cumulative 78
cost 1 for 1 cumulative 79
cost 1 for 1 cumulative 80
cost 2 for 2 cumulative 82
cost 1 for 1 cumulative 83
cost 2 for 2 cumulative 85
cost 1 for 1 cumulative 86 leftover
cost 2 for 1 cumulative 2
cost 2 for 2 cumulative 4
cost 2 for 2 cumulative 6
cost 3 for 2 cumulative 9
cost 2 for 2 cumulative 11
cost 2 for 1 cumulative 13
cost 3 for 2 cumulative 16
cost 2 for 1 cumulative 18
cost 2 for 1 cumulative 20
cost 2 for 1 cumulative 22
cost 2 for 2 cumulative 24
cost 3 for 2 cumulative 27
cost 2 for 2 cumulative 29
cost 1 for 1 cumulative 30
cost 1 for 1 cumulative 31
cost 4 for 3 cumulative 35
cost 1 for 1 cumulative 36
cost 2 for 2 cumulative 38
cost 2 for 2 cumulative 40
cost 1 for 1 cumulative 41
cost 2 for 2 cumulative 43
cost 2 for 2 cumulative 45
cost 2 for 1 cumulative 47
cost 2 for 2 cumulative 49
cost 1 for 1 cumulative 50
cost 2 for 2 cumulative 52
cost 2 for 2 cumulative 54
cost 4 for 3 cumulative 58
cost 1 for 1 cumulative 59
cost 4 for 4 cumulative 63
cost 3 for 3 cumulative 66
cost 2 for 1 cumulative 68
cost 2 for 1 cumulative 70
cost 1 for 1 cumulative 71
cost 1 for 1 cumulative 72
cost 3 for 3 cumulative 75
cost 1 for 1 cumulative 76
cost 1 for 1 cumulative 77
cost 2 for 1 cumulative 79
cost 1 for 1 cumulative 80
cost 1 for 1 cumulative 81
cost 2 for 2 cumulative 83
cost 1 for 1 cumulative 84
cost 2 for 2 cumulative 86
cost 1 for 1 cumulative 87
all-cumulative avg 86.0909090909091 stddev 0.9438798074485389
cost 2 for 1 cumulative 2
cost 2 for 2 cumulative 4
cost 4 for 3 cumulative 8
cost 3 for 3 cumulative 11
cost 2 for 1 cumulative 13
cost 3 for 2 cumulative 16
cost 2 for 1 cumulative 18
cost 2 for 1 cumulative 20
cost 2 for 1 cumulative 22
cost 2 for 2 cumulative 24
cost 3 for 3 cumulative 27
cost 2 for 2 cumulative 29
cost 3 for 2 cumulative 32
cost 5 for 6 cumulative 37
cost 2 for 2 cumulative 39
cost 3 for 3 cumulative 42
cost 4 for 4 cumulative 46
cost 1 for 1 cumulative 47
cost 3 for 3 cumulative 50
cost 3 for 3 cumulative 53
cost 2 for 1 cumulative 55
cost 1 for 1 cumulative 56
cost 4 for 4 cumulative 60
cost 6 for 5 cumulative 66
cost 2 for 2 cumulative 68
cost 3 for 3 cumulative 71
cost 1 for 1 cumulative 72
cost 3 for 2 cumulative 75
cost 1 for 1 cumulative 76
cost 2 for 2 cumulative 78
cost 1 for 1 cumulative 79
cost 3 for 3 cumulative 82
cost 1 for 1 cumulative 83 leftover
cost 2 for 1 cumulative 2
cost 2 for 2 cumulative 4
cost 4 for 3 cumulative 8
cost 3 for 3 cumulative 11
cost 2 for 1 cumulative 13
cost 3 for 2 cumulative 16
cost 2 for 1 cumulative 18
cost 2 for 1 cumulative 20
cost 2 for 1 cumulative 22
cost 2 for 2 cumulative 24
cost 3 for 3 cumulative 27
cost 2 for 2 cumulative 29
cost 3 for 2 cumulative 32
cost 5 for 6 cumulative 37
cost 2 for 2 cumulative 39
cost 3 for 3 cumulative 42
cost 4 for 4 cumulative 46
cost 1 for 1 cumulative 47
cost 3 for 3 cumulative 50
cost 3 for 3 cumulative 53
cost 2 for 1 cumulative 55
cost 1 for 1 cumulative 56
cost 4 for 4 cumulative 60
cost 6 for 5 cumulative 66
cost 2 for 2 cumulative 68
cost 3 for 3 cumulative 71
cost 1 for 1 cumulative 72
cost 3 for 2 cumulative 75
cost 1 for 1 cumulative 76
cost 2 for 2 cumulative 78
cost 1 for 1 cumulative 79
cost 3 for 3 cumulative 82
cost 1 for 1 cumulative 83 leftover
cost 2 for 1 cumulative 2
cost 2 for 2 cumulative 4
cost 4 for 3 cumulative 8
cost 3 for 3 cumulative 11
cost 2 for 1 cumulative 13
cost 3 for 2 cumulative 16
cost 2 for 1 cumulative 18
cost 2 for 1 cumulative 20
cost 2 for 1 cumulative 22
cost 2 for 2 cumulative 24
cost 3 for 3 cumulative 27
cost 2 for 2 cumulative 29
cost 5 for 4 cumulative 34
cost 1 for 1 cumulative 35
cost 4 for 4 cumulative 39
cost 1 for 1 cumulative 40
cost 3 for 3 cumulative 43
cost 4 for 4 cumulative 47
cost 1 for 1 cumulative 48
cost 3 for 3 cumulative 51
cost 3 for 3 cumulative 54
cost 2 for 1 cumulative 56
cost 1 for 1 cumulative 57
cost 4 for 4 cumulative 61
cost 6 for 5 cumulative 67
cost 2 for 2 cumulative 69
cost 3 for 3 cumulative 72
cost 1 for 1 cumulative 73
cost 3 for 2 cumulative 76
cost 1 for 1 cumulative 77
cost 2 for 2 cumulative 79
cost 1 for 1 cumulative 80
cost 3 for 3 cumulative 83
cost 1 for 1 cumulative 84 leftover
cost 2 for 1 cumulative 2
cost 2 for 2 cumulative 4
cost 4 for 3 cumulative 8
cost 3 for 3 cumulative 11
cost 2 for 1 cumulative 13
cost 3 for 2 cumulative 16
cost 2 for 1 cumulative 18
cost 2 for 1 cumulative 20
cost 2 for 1 cumulative 22
cost 2 for 2 cumulative 24
cost 3 for 3 cumulative 27
cost 2 for 2 cumulative 29
cost 3 for 2 cumulative 32
cost 5 for 6 cumulative 37
cost 2 for 2 cumulative 39
cost 3 for 3 cumulative 42
cost 4 for 4 cumulative 46
cost 1 for 1 cumulative 47
cost 3 for 3 cumulative 50
cost 3 for 3 cumulative 53
cost 2 for 1 cumulative 55
cost 1 for 1 cumulative 56
cost 4 for 4 cumulative 60
cost 6 for 5 cumulative 66
cost 2 for 2 cumulative 68
cost 3 for 3 cumulative 71
cost 1 for 1 cumulative 72
cost 3 for 2 cumulative 75
cost 1 for 1 cumulative 76
cost 2 for 2 cumulative 78
cost 1 for 1 cumulative 79
cost 3 for 3 cumulative 82
cost 1 for 1 cumulative 83 leftover
cost 2 for 1 cumulative 2
cost 2 for 2 cumulative 4
cost 4 for 3 cumulative 8
cost 3 for 3 cumulative 11
cost 2 for 1 cumulative 13
cost 3 for 2 cumulative 16
cost 2 for 1 cumulative 18
cost 2 for 1 cumulative 20
cost 2 for 1 cumulative 22
cost 2 for 2 cumulative 24
cost 3 for 3 cumulative 27
cost 2 for 2 cumulative 29
cost 3 for 2 cumulative 32
cost 5 for 6 cumulative 37
cost 2 for 2 cumulative 39
cost 3 for 3 cumulative 42
cost 4 for 4 cumulative 46
cost 1 for 1 cumulative 47
cost 3 for 3 cumulative 50
cost 3 for 3 cumulative 53
cost 2 for 1 cumulative 55
cost 1 for 1 cumulative 56
cost 4 for 4 cumulative 60
cost 6 for 5 cumulative 66
cost 2 for 2 cumulative 68
cost 3 for 3 cumulative 71
cost 1 for 1 cumulative 72
cost 3 for 2 cumulative 75
cost 1 for 1 cumulative 76
cost 2 for 2 cumulative 78
cost 1 for 1 cumulative 79
cost 3 for 3 cumulative 82
cost 1 for 1 cumulative 83 leftover
cost 2 for 1 cumulative 2
cost 2 for 2 cumulative 4
cost 4 for 3 cumulative 8
cost 3 for 3 cumulative 11
cost 2 for 1 cumulative 13
cost 3 for 2 cumulative 16
cost 2 for 1 cumulative 18
cost 2 for 1 cumulative 20
cost 2 for 1 cumulative 22
cost 2 for 2 cumulative 24
cost 3 for 3 cumulative 27
cost 2 for 2 cumulative 29
cost 3 for 2 cumulative 32
cost 6 for 7 cumulative 38
cost 1 for 1 cumulative 39
cost 3 for 3 cumulative 42
cost 4 for 4 cumulative 46
cost 1 for 1 cumulative 47
cost 3 for 3 cumulative 50
cost 3 for 3 cumulative 53
cost 2 for 1 cumulative 55
cost 1 for 1 cumulative 56
cost 4 for 4 cumulative 60
cost 6 for 5 cumulative 66
cost 2 for 2 cumulative 68
cost 3 for 3 cumulative 71
cost 1 for 1 cumulative 72
cost 3 for 2 cumulative 75
cost 1 for 1 cumulative 76
cost 2 for 2 cumulative 78
cost 1 for 1 cumulative 79
cost 3 for 3 cumulative 82
cost 1 for 1 cumulative 83 leftover
cost 2 for 1 cumulative 2
cost 2 for 2 cumulative 4
cost 4 for 3 cumulative 8
cost 3 for 3 cumulative 11
cost 2 for 1 cumulative 13
cost 3 for 2 cumulative 16
cost 2 for 1 cumulative 18
cost 2 for 1 cumulative 20
cost 2 for 1 cumulative 22
cost 2 for 2 cumulative 24
cost 3 for 3 cumulative 27
cost 2 for 2 cumulative 29
cost 3 for 2 cumulative 32
cost 5 for 6 cumulative 37
cost 2 for 2 cumulative 39
cost 3 for 3 cumulative 42
cost 4 for 4 cumulative 46
cost 1 for 1 cumulative 47
cost 3 for 3 cumulative 50
cost 5 for 4 cumulative 55
cost 1 for 1 cumulative 56
cost 4 for 4 cumulative 60
cost 6 for 5 cumulative 66
cost 2 for 2 cumulative 68
cost 3 for 3 cumulative 71
cost 1 for 1 cumulative 72
cost 3 for 2 cumulative 75
cost 1 for 1 cumulative 76
cost 2 for 2 cumulative 78
cost 1 for 1 cumulative 79
cost 4 for 4 cumulative 83
cost 2 for 1 cumulative 2
cost 2 for 2 cumulative 4
cost 4 for 3 cumulative 8
cost 3 for 3 cumulative 11
cost 2 for 1 cumulative 13
cost 3 for 2 cumulative 16
cost 2 for 1 cumulative 18
cost 2 for 1 cumulative 20
cost 2 for 1 cumulative 22
cost 2 for 2 cumulative 24
cost 3 for 3 cumulative 27
cost 2 for 2 cumulative 29
cost 3 for 2 cumulative 32
cost 5 for 6 cumulative 37
cost 2 for 2 cumulative 39
cost 3 for 3 cumulative 42
cost 4 for 4 cumulative 46
cost 1 for 1 cumulative 47
cost 3 for 3 cumulative 50
cost 3 for 3 cumulative 53
cost 2 for 1 cumulative 55
cost 1 for 1 cumulative 56
cost 4 for 4 cumulative 60
cost 6 for 5 cumulative 66
cost 2 for 2 cumulative 68
cost 3 for 3 cumulative 71
cost 1 for 1 cumulative 72
cost 3 for 2 cumulative 75
cost 1 for 1 cumulative 76
cost 2 for 2 cumulative 78
cost 1 for 1 cumulative 79
cost 3 for 3 cumulative 82
cost 1 for 1 cumulative 83 leftover
cost 2 for 1 cumulative 2
cost 2 for 2 cumulative 4
cost 4 for 3 cumulative 8
cost 3 for 3 cumulative 11
cost 2 for 1 cumulative 13
cost 3 for 2 cumulative 16
cost 2 for 1 cumulative 18
cost 2 for 1 cumulative 20
cost 2 for 1 cumulative 22
cost 2 for 2 cumulative 24
cost 4 for 4 cumulative 28
cost 2 for 2 cumulative 30
cost 7 for 7 cumulative 37
cost 2 for 2 cumulative 39
cost 3 for 3 cumulative 42
cost 2 for 1 cumulative 44
cost 2 for 1 cumulative 46
cost 2 for 2 cumulative 48
cost 1 for 1 cumulative 49
cost 3 for 3 cumulative 52
cost 3 for 3 cumulative 55
cost 2 for 1 cumulative 57
cost 1 for 1 cumulative 58
cost 4 for 4 cumulative 62
cost 6 for 5 cumulative 68
cost 2 for 2 cumulative 70
cost 3 for 3 cumulative 73
cost 1 for 1 cumulative 74
cost 3 for 2 cumulative 77
cost 1 for 1 cumulative 78
cost 2 for 2 cumulative 80
cost 1 for 1 cumulative 81
cost 3 for 3 cumulative 84
cost 1 for 1 cumulative 85 leftover
cost 3 for 3 cumulative 3
cost 4 for 3 cumulative 7
cost 3 for 3 cumulative 10
cost 2 for 1 cumulative 12
cost 3 for 2 cumulative 15
cost 2 for 1 cumulative 17
cost 2 for 1 cumulative 19
cost 2 for 1 cumulative 21
cost 2 for 2 cumulative 23
cost 3 for 3 cumulative 26
cost 2 for 2 cumulative 28
cost 3 for 2 cumulative 31
cost 5 for 6 cumulative 36
cost 2 for 2 cumulative 38
cost 3 for 3 cumulative 41
cost 4 for 4 cumulative 45
cost 1 for 1 cumulative 46
cost 3 for 3 cumulative 49
cost 5 for 4 cumulative 54
cost 1 for 1 cumulative 55
cost 4 for 4 cumulative 59
cost 6 for 5 cumulative 65
cost 2 for 2 cumulative 67
cost 3 for 3 cumulative 70
cost 1 for 1 cumulative 71
cost 3 for 2 cumulative 74
cost 1 for 1 cumulative 75
cost 2 for 2 cumulative 77
cost 1 for 1 cumulative 78
cost 3 for 3 cumulative 81
cost 1 for 1 cumulative 82 leftover
cost 2 for 1 cumulative 2
cost 2 for 2 cumulative 4
cost 2 for 1 cumulative 6
cost 4 for 3 cumulative 10
cost 5 for 4 cumulative 15
cost 3 for 2 cumulative 18
cost 2 for 1 cumulative 20
cost 2 for 1 cumulative 22
cost 2 for 2 cumulative 24
cost 3 for 3 cumulative 27
cost 2 for 2 cumulative 29
cost 3 for 2 cumulative 32
cost 5 for 6 cumulative 37
cost 2 for 2 cumulative 39
cost 3 for 3 cumulative 42
cost 4 for 4 cumulative 46
cost 1 for 1 cumulative 47
cost 3 for 3 cumulative 50
cost 3 for 3 cumulative 53
cost 2 for 1 cumulative 55
cost 1 for 1 cumulative 56
cost 4 for 4 cumulative 60
cost 6 for 5 cumulative 66
cost 2 for 2 cumulative 68
cost 3 for 3 cumulative 71
cost 1 for 1 cumulative 72
cost 3 for 2 cumulative 75
cost 1 for 1 cumulative 76
cost 2 for 2 cumulative 78
cost 1 for 1 cumulative 79
cost 3 for 3 cumulative 82
cost 1 for 1 cumulative 83 leftover
all-cumulative avg 83.18181818181819 stddev 0.7507571935295483
cost 3 for 3 cumulative 3
cost 5 for 4 cumulative 8
cost 2 for 1 cumulative 10
cost 5 for 4 cumulative 15
cost 5 for 4 cumulative 20
cost 3 for 3 cumulative 23
cost 3 for 3 cumulative 26
cost 4 for 3 cumulative 30
cost 2 for 2 cumulative 32
cost 4 for 4 cumulative 36
cost 2 for 2 cumulative 38
cost 5 for 5 cumulative 43
cost 1 for 1 cumulative 44
cost 2 for 2 cumulative 46
cost 2 for 1 cumulative 48
cost 4 for 4 cumulative 52
cost 4 for 4 cumulative 56
cost 2 for 1 cumulative 58
cost 2 for 2 cumulative 60
cost 2 for 1 cumulative 62
cost 5 for 4 cumulative 67
cost 4 for 4 cumulative 71
cost 1 for 1 cumulative 72
cost 3 for 2 cumulative 75
cost 2 for 2 cumulative 77
cost 3 for 3 cumulative 80
cost 3 for 3 cumulative 83
cost 2 for 1 cumulative 2
cost 2 for 2 cumulative 4
cost 5 for 4 cumulative 9
cost 6 for 5 cumulative 15
cost 5 for 4 cumulative 20
cost 4 for 4 cumulative 24
cost 2 for 2 cumulative 26
cost 4 for 3 cumulative 30
cost 2 for 2 cumulative 32
cost 4 for 4 cumulative 36
cost 2 for 2 cumulative 38
cost 5 for 5 cumulative 43
cost 1 for 1 cumulative 44
cost 2 for 2 cumulative 46
cost 3 for 3 cumulative 49
cost 4 for 3 cumulative 53
cost 1 for 1 cumulative 54
cost 5 for 5 cumulative 59
cost 2 for 1 cumulative 61
cost 5 for 4 cumulative 66
cost 4 for 4 cumulative 70
cost 1 for 1 cumulative 71
cost 3 for 2 cumulative 74
cost 2 for 2 cumulative 76
cost 3 for 3 cumulative 79
cost 3 for 3 cumulative 82
cost 2 for 1 cumulative 2
cost 2 for 2 cumulative 4
cost 5 for 4 cumulative 9
cost 2 for 1 cumulative 11
cost 7 for 5 cumulative 18
cost 2 for 1 cumulative 20
cost 2 for 1 cumulative 22
cost 2 for 2 cumulative 24
cost 4 for 4 cumulative 28
cost 2 for 2 cumulative 30
cost 7 for 7 cumulative 37
cost 2 for 2 cumulative 39
cost 4 for 4 cumulative 43
cost 2 for 1 cumulative 45
cost 2 for 2 cumulative 47
cost 2 for 2 cumulative 49
cost 4 for 4 cumulative 53
cost 3 for 2 cumulative 56
cost 1 for 1 cumulative 57
cost 5 for 5 cumulative 62
cost 2 for 1 cumulative 64
cost 5 for 4 cumulative 69
cost 4 for 4 cumulative 73
cost 1 for 1 cumulative 74
cost 3 for 2 cumulative 77
cost 2 for 2 cumulative 79
cost 3 for 3 cumulative 82
cost 3 for 3 cumulative 85
cost 2 for 1 cumulative 2
cost 2 for 2 cumulative 4
cost 5 for 4 cumulative 9
cost 6 for 5 cumulative 15
cost 5 for 4 cumulative 20
cost 3 for 3 cumulative 23
cost 3 for 3 cumulative 26
cost 4 for 3 cumulative 30
cost 2 for 2 cumulative 32
cost 4 for 4 cumulative 36
cost 2 for 2 cumulative 38
cost 5 for 5 cumulative 43
cost 1 for 1 cumulative 44
cost 2 for 2 cumulative 46
cost 4 for 4 cumulative 50
cost 7 for 7 cumulative 57
cost 6 for 5 cumulative 63
cost 2 for 2 cumulative 65
cost 3 for 3 cumulative 68
cost 1 for 1 cumulative 69
cost 3 for 2 cumulative 72
cost 2 for 2 cumulative 74
cost 3 for 3 cumulative 77
cost 3 for 3 cumulative 80
cost 4 for 4 cumulative 4
cost 5 for 4 cumulative 9
cost 5 for 4 cumulative 14
cost 5 for 4 cumulative 19
cost 3 for 3 cumulative 22
cost 3 for 3 cumulative 25
cost 4 for 3 cumulative 29
cost 2 for 2 cumulative 31
cost 4 for 4 cumulative 35
cost 2 for 2 cumulative 37
cost 5 for 5 cumulative 42
cost 1 for 1 cumulative 43
cost 2 for 2 cumulative 45
cost 3 for 3 cumulative 48
cost 4 for 3 cumulative 52
cost 1 for 1 cumulative 53
cost 5 for 5 cumulative 58
cost 2 for 1 cumulative 60
cost 5 for 4 cumulative 65
cost 4 for 4 cumulative 69
cost 1 for 1 cumulative 70
cost 3 for 2 cumulative 73
cost 2 for 2 cumulative 75
cost 3 for 3 cumulative 78
cost 3 for 3 cumulative 81
cost 2 for 1 cumulative 2
cost 2 for 2 cumulative 4
cost 5 for 4 cumulative 9
cost 6 for 5 cumulative 15
cost 6 for 5 cumulative 21
cost 4 for 4 cumulative 25
cost 2 for 2 cumulative 27
cost 7 for 7 cumulative 34
cost 2 for 2 cumulative 36
cost 4 for 4 cumulative 40
cost 2 for 1 cumulative 42
cost 2 for 2 cumulative 44
cost 2 for 2 cumulative 46
cost 4 for 4 cumulative 50
cost 3 for 2 cumulative 53
cost 1 for 1 cumulative 54
cost 5 for 5 cumulative 59
cost 2 for 1 cumulative 61
cost 5 for 4 cumulative 66
cost 4 for 4 cumulative 70
cost 1 for 1 cumulative 71
cost 3 for 2 cumulative 74
cost 2 for 2 cumulative 76
cost 3 for 3 cumulative 79
cost 3 for 3 cumulative 82 leftover
cost 2 for 1 cumulative 2
cost 2 for 2 cumulative 4
cost 5 for 4 cumulative 9
cost 6 for 5 cumulative 15
cost 5 for 4 cumulative 20
cost 3 for 3 cumulative 23
cost 3 for 3 cumulative 26
cost 4 for 3 cumulative 30
cost 2 for 2 cumulative 32
cost 4 for 4 cumulative 36
cost 2 for 2 cumulative 38
cost 5 for 5 cumulative 43
cost 1 for 1 cumulative 44
cost 2 for 2 cumulative 46
cost 4 for 4 cumulative 50
cost 3 for 2 cumulative 53
cost 1 for 1 cumulative 54
cost 5 for 5 cumulative 59
cost 2 for 1 cumulative 61
cost 5 for 4 cumulative 66
cost 4 for 4 cumulative 70
cost 1 for 1 cumulative 71
cost 3 for 2 cumulative 74
cost 2 for 2 cumulative 76
cost 3 for 3 cumulative 79
cost 3 for 3 cumulative 82
cost 3 for 3 cumulative 3
cost 5 for 4 cumulative 8
cost 6 for 5 cumulative 14
cost 5 for 4 cumulative 19
cost 3 for 3 cumulative 22
cost 3 for 3 cumulative 25
cost 4 for 3 cumulative 29
cost 2 for 2 cumulative 31
cost 4 for 4 cumulative 35
cost 2 for 2 cumulative 37
cost 5 for 5 cumulative 42
cost 1 for 1 cumulative 43
cost 2 for 2 cumulative 45
cost 3 for 3 cumulative 48
cost 4 for 3 cumulative 52
cost 1 for 1 cumulative 53
cost 5 for 5 cumulative 58
cost 2 for 1 cumulative 60
cost 5 for 4 cumulative 65
cost 4 for 4 cumulative 69
cost 1 for 1 cumulative 70
cost 3 for 2 cumulative 73
cost 2 for 2 cumulative 75
cost 3 for 3 cumulative 78
cost 3 for 3 cumulative 81
cost 2 for 1 cumulative 2
cost 2 for 2 cumulative 4
cost 5 for 4 cumulative 9
cost 6 for 5 cumulative 15
cost 5 for 4 cumulative 20
cost 4 for 4 cumulative 24
cost 2 for 2 cumulative 26
cost 4 for 3 cumulative 30
cost 2 for 2 cumulative 32
cost 4 for 4 cumulative 36
cost 2 for 2 cumulative 38
cost 5 for 5 cumulative 43
cost 1 for 1 cumulative 44
cost 2 for 2 cumulative 46
cost 4 for 4 cumulative 50
cost 3 for 2 cumulative 53
cost 1 for 1 cumulative 54
cost 5 for 5 cumulative 59
cost 2 for 1 cumulative 61
cost 5 for 4 cumulative 66
cost 4 for 4 cumulative 70
cost 1 for 1 cumulative 71
cost 3 for 2 cumulative 74
cost 2 for 2 cumulative 76
cost 3 for 3 cumulative 79
cost 3 for 3 cumulative 82 leftover
cost 3 for 3 cumulative 3
cost 5 for 4 cumulative 8
cost 6 for 5 cumulative 14
cost 5 for 4 cumulative 19
cost 3 for 3 cumulative 22
cost 3 for 3 cumulative 25
cost 4 for 3 cumulative 29
cost 2 for 2 cumulative 31
cost 4 for 4 cumulative 35
cost 2 for 2 cumulative 37
cost 5 for 5 cumulative 42
cost 1 for 1 cumulative 43
cost 2 for 2 cumulative 45
cost 4 for 4 cumulative 49
cost 3 for 2 cumulative 52
cost 1 for 1 cumulative 53
cost 5 for 5 cumulative 58
cost 2 for 1 cumulative 60
cost 5 for 4 cumulative 65
cost 4 for 4 cumulative 69
cost 1 for 1 cumulative 70
cost 3 for 2 cumulative 73
cost 2 for 2 cumulative 75
cost 3 for 3 cumulative 78
cost 3 for 3 cumulative 81
cost 3 for 3 cumulative 3
cost 5 for 4 cumulative 8
cost 6 for 5 cumulative 14
cost 5 for 4 cumulative 19
cost 3 for 3 cumulative 22
cost 3 for 3 cumulative 25
cost 4 for 3 cumulative 29
cost 2 for 2 cumulative 31
cost 4 for 4 cumulative 35
cost 2 for 2 cumulative 37
cost 5 for 5 cumulative 42
cost 1 for 1 cumulative 43
cost 2 for 2 cumulative 45
cost 3 for 3 cumulative 48
cost 4 for 3 cumulative 52
cost 1 for 1 cumulative 53
cost 5 for 5 cumulative 58
cost 2 for 1 cumulative 60
cost 5 for 4 cumulative 65
cost 4 for 4 cumulative 69
cost 1 for 1 cumulative 70
cost 3 for 2 cumulative 73
cost 2 for 2 cumulative 75
cost 3 for 3 cumulative 78
cost 3 for 3 cumulative 81
all-cumulative avg 81.81818181818181 stddev 1.3280197150781925
cost 4 for 4 cumulative 4
cost 6 for 5 cumulative 10
cost 2 for 1 cumulative 12
cost 5 for 3 cumulative 17
cost 2 for 1 cumulative 19
cost 2 for 1 cumulative 21
cost 2 for 2 cumulative 23
cost 5 for 5 cumulative 28
cost 9 for 9 cumulative 37
cost 3 for 3 cumulative 40
cost 5 for 5 cumulative 45
cost 2 for 2 cumulative 47
cost 5 for 5 cumulative 52
cost 6 for 6 cumulative 58
cost 6 for 5 cumulative 64
cost 3 for 3 cumulative 67
cost 6 for 7 cumulative 73
cost 3 for 3 cumulative 76
cost 3 for 3 cumulative 79 leftover
cost 2 for 1 cumulative 2
cost 3 for 3 cumulative 5
cost 6 for 5 cumulative 11
cost 2 for 1 cumulative 13
cost 5 for 3 cumulative 18
cost 2 for 1 cumulative 20
cost 2 for 1 cumulative 22
cost 3 for 3 cumulative 25
cost 4 for 4 cumulative 29
cost 5 for 4 cumulative 34
cost 1 for 1 cumulative 35
cost 4 for 4 cumulative 39
cost 3 for 3 cumulative 42
cost 5 for 5 cumulative 47
cost 3 for 3 cumulative 50
cost 6 for 5 cumulative 56
cost 1 for 1 cumulative 57
cost 5 for 5 cumulative 62
cost 2 for 1 cumulative 64
cost 5 for 4 cumulative 69
cost 4 for 4 cumulative 73
cost 1 for 1 cumulative 74
cost 3 for 2 cumulative 77
cost 2 for 2 cumulative 79
cost 3 for 3 cumulative 82
cost 3 for 3 cumulative 85 leftover
cost 4 for 4 cumulative 4
cost 6 for 5 cumulative 10
cost 2 for 1 cumulative 12
cost 5 for 3 cumulative 17
cost 2 for 1 cumulative 19
cost 2 for 1 cumulative 21
cost 3 for 3 cumulative 24
cost 4 for 4 cumulative 28
cost 5 for 4 cumulative 33
cost 1 for 1 cumulative 34
cost 4 for 4 cumulative 38
cost 3 for 3 cumulative 41
cost 5 for 5 cumulative 46
cost 2 for 2 cumulative 48
cost 4 for 4 cumulative 52
cost 7 for 7 cumulative 59
cost 6 for 5 cumulative 65
cost 3 for 3 cumulative 68
cost 6 for 7 cumulative 74
cost 3 for 3 cumulative 77
cost 3 for 3 cumulative 80 leftover
cost 2 for 1 cumulative 2
cost 3 for 3 cumulative 5
cost 6 for 5 cumulative 11
cost 2 for 1 cumulative 13
cost 5 for 3 cumulative 18
cost 2 for 1 cumulative 20
cost 2 for 1 cumulative 22
cost 2 for 2 cumulative 24
cost 5 for 5 cumulative 29
cost 5 for 4 cumulative 34
cost 1 for 1 cumulative 35
cost 5 for 5 cumulative 40
cost 6 for 6 cumulative 46
cost 2 for 2 cumulative 48
cost 4 for 4 cumulative 52
cost 4 for 3 cumulative 56
cost 1 for 1 cumulative 57
cost 5 for 5 cumulative 62
cost 2 for 1 cumulative 64
cost 5 for 4 cumulative 69
cost 4 for 4 cumulative 73
cost 1 for 1 cumulative 74
cost 3 for 2 cumulative 77
cost 2 for 2 cumulative 79
cost 3 for 3 cumulative 82
cost 3 for 3 cumulative 85 leftover
cost 4 for 4 cumulative 4
cost 6 for 5 cumulative 10
cost 2 for 1 cumulative 12
cost 5 for 3 cumulative 17
cost 2 for 1 cumulative 19
cost 2 for 1 cumulative 21
cost 3 for 3 cumulative 24
cost 4 for 4 cumulative 28
cost 5 for 4 cumulative 33
cost 1 for 1 cumulative 34
cost 4 for 4 cumulative 38
cost 3 for 3 cumulative 41
cost 5 for 5 cumulative 46
cost 3 for 3 cumulative 49
cost 6 for 5 cumulative 55
cost 1 for 1 cumulative 56
cost 5 for 5 cumulative 61
cost 2 for 1 cumulative 63
cost 5 for 4 cumulative 68
cost 4 for 4 cumulative 72
cost 1 for 1 cumulative 73
cost 3 for 2 cumulative 76
cost 2 for 2 cumulative 78
cost 3 for 3 cumulative 81
cost 2 for 1 cumulative 83
cost 2 for 2 cumulative 85 leftover
cost 4 for 4 cumulative 4
cost 6 for 5 cumulative 10
cost 2 for 1 cumulative 12
cost 5 for 3 cumulative 17
cost 2 for 1 cumulative 19
cost 2 for 1 cumulative 21
cost 3 for 3 cumulative 24
cost 4 for 4 cumulative 28
cost 5 for 4 cumulative 33
cost 1 for 1 cumulative 34
cost 4 for 4 cumulative 38
cost 3 for 3 cumulative 41
cost 5 for 5 cumulative 46
cost 2 for 2 cumulative 48
cost 4 for 4 cumulative 52
cost 7 for 7 cumulative 59
cost 6 for 5 cumulative 65
cost 2 for 2 cumulative 67
cost 7 for 8 cumulative 74
cost 3 for 3 cumulative 77
cost 3 for 3 cumulative 80 leftover
cost 2 for 1 cumulative 2
cost 3 for 3 cumulative 5
cost 6 for 5 cumulative 11
cost 2 for 1 cumulative 13
cost 5 for 3 cumulative 18
cost 2 for 1 cumulative 20
cost 2 for 1 cumulative 22
cost 2 for 2 cumulative 24
cost 4 for 4 cumulative 28
cost 2 for 2 cumulative 30
cost 8 for 8 cumulative 38
cost 3 for 3 cumulative 41
cost 4 for 3 cumulative 45
cost 3 for 3 cumulative 48
cost 4 for 4 cumulative 52
cost 4 for 3 cumulative 56
cost 1 for 1 cumulative 57
cost 5 for 5 cumulative 62
cost 2 for 1 cumulative 64
cost 5 for 4 cumulative 69
cost 4 for 4 cumulative 73
cost 1 for 1 cumulative 74
cost 3 for 2 cumulative 77
cost 2 for 2 cumulative 79
cost 3 for 3 cumulative 82
cost 3 for 3 cumulative 85 leftover
cost 2 for 1 cumulative 2
cost 3 for 3 cumulative 5
cost 6 for 5 cumulative 11
cost 2 for 1 cumulative 13
cost 5 for 3 cumulative 18
cost 2 for 1 cumulative 20
cost 2 for 1 cumulative 22
cost 2 for 2 cumulative 24
cost 5 for 5 cumulative 29
cost 5 for 4 cumulative 34
cost 1 for 1 cumulative 35
cost 4 for 4 cumulative 39
cost 3 for 3 cumulative 42
cost 5 for 5 cumulative 47
cost 3 for 3 cumulative 50
cost 6 for 5 cumulative 56
cost 1 for 1 cumulative 57
cost 5 for 5 cumulative 62
cost 2 for 1 cumulative 64
cost 5 for 4 cumulative 69
cost 4 for 4 cumulative 73
cost 1 for 1 cumulative 74
cost 3 for 2 cumulative 77
cost 2 for 2 cumulative 79
cost 3 for 3 cumulative 82
cost 3 for 3 cumulative 85 leftover
cost 2 for 1 cumulative 2
cost 7 for 6 cumulative 9
cost 8 for 6 cumulative 17
cost 2 for 1 cumulative 19
cost 2 for 1 cumulative 21
cost 3 for 3 cumulative 24
cost 4 for 4 cumulative 28
cost 5 for 4 cumulative 33
cost 1 for 1 cumulative 34
cost 4 for 4 cumulative 38
cost 3 for 3 cumulative 41
cost 5 for 5 cumulative 46
cost 2 for 2 cumulative 48
cost 4 for 4 cumulative 52
cost 7 for 7 cumulative 59
cost 6 for 5 cumulative 65
cost 3 for 3 cumulative 68
cost 6 for 7 cumulative 74
cost 3 for 3 cumulative 77
cost 3 for 3 cumulative 80 leftover
cost 2 for 1 cumulative 2
cost 3 for 3 cumulative 5
cost 6 for 5 cumulative 11
cost 2 for 1 cumulative 13
cost 5 for 3 cumulative 18
cost 2 for 1 cumulative 20
cost 2 for 1 cumulative 22
cost 2 for 2 cumulative 24
cost 5 for 5 cumulative 29
cost 5 for 4 cumulative 34
cost 1 for 1 cumulative 35
cost 4 for 4 cumulative 39
cost 3 for 3 cumulative 42
cost 5 for 5 cumulative 47
cost 3 for 3 cumulative 50
cost 6 for 5 cumulative 56
cost 1 for 1 cumulative 57
cost 5 for 5 cumulative 62
cost 2 for 1 cumulative 64
cost 5 for 4 cumulative 69
cost 4 for 4 cumulative 73
cost 1 for 1 cumulative 74
cost 3 for 2 cumulative 77
cost 2 for 2 cumulative 79
cost 3 for 3 cumulative 82
cost 3 for 3 cumulative 85 leftover
cost 2 for 1 cumulative 2
cost 3 for 3 cumulative 5
cost 6 for 5 cumulative 11
cost 2 for 1 cumulative 13
cost 5 for 3 cumulative 18
cost 2 for 1 cumulative 20
cost 2 for 1 cumulative 22
cost 2 for 2 cumulative 24
cost 5 for 5 cumulative 29
cost 5 for 4 cumulative 34
cost 1 for 1 cumulative 35
cost 4 for 4 cumulative 39
cost 3 for 3 cumulative 42
cost 5 for 5 cumulative 47
cost 3 for 3 cumulative 50
cost 6 for 5 cumulative 56
cost 1 for 1 cumulative 57
cost 5 for 5 cumulative 62
cost 2 for 1 cumulative 64
cost 5 for 4 cumulative 69
cost 4 for 4 cumulative 73
cost 1 for 1 cumulative 74
cost 3 for 2 cumulative 77
cost 2 for 2 cumulative 79
cost 3 for 3 cumulative 82
cost 3 for 3 cumulative 85 leftover
all-cumulative avg 83.0909090909091 stddev 2.6628760937957834
cost 2 for 1 cumulative 2
cost 4 for 4 cumulative 6
cost 11 for 8 cumulative 17
cost 2 for 1 cumulative 19
cost 2 for 1 cumulative 21
cost 4 for 4 cumulative 25
cost 4 for 4 cumulative 29
cost 8 for 8 cumulative 37
cost 4 for 4 cumulative 41
cost 5 for 5 cumulative 46
cost 5 for 5 cumulative 51
cost 8 for 8 cumulative 59
cost 2 for 1 cumulative 61
cost 5 for 4 cumulative 66
cost 4 for 4 cumulative 70
cost 1 for 1 cumulative 71
cost 3 for 2 cumulative 74
cost 2 for 2 cumulative 76
cost 4 for 4 cumulative 80
cost 2 for 2 cumulative 82 leftover
cost 2 for 1 cumulative 2
cost 4 for 4 cumulative 6
cost 9 for 7 cumulative 15
cost 6 for 5 cumulative 21
cost 5 for 5 cumulative 26
cost 8 for 8 cumulative 34
cost 2 for 2 cumulative 36
cost 7 for 7 cumulative 43
cost 3 for 3 cumulative 46
cost 6 for 5 cumulative 52
cost 1 for 1 cumulative 53
cost 7 for 7 cumulative 60
cost 2 for 1 cumulative 62
cost 4 for 3 cumulative 66
cost 7 for 8 cumulative 73
cost 4 for 4 cumulative 77
cost 2 for 2 cumulative 79 leftover
cost 2 for 1 cumulative 2
cost 4 for 4 cumulative 6
cost 8 for 6 cumulative 14
cost 7 for 6 cumulative 21
cost 5 for 5 cumulative 26
cost 8 for 8 cumulative 34
cost 2 for 2 cumulative 36
cost 7 for 7 cumulative 43
cost 3 for 3 cumulative 46
cost 6 for 5 cumulative 52
cost 1 for 1 cumulative 53
cost 10 for 9 cumulative 63
cost 4 for 4 cumulative 67
cost 4 for 4 cumulative 71
cost 2 for 2 cumulative 73
cost 4 for 4 cumulative 77
cost 2 for 2 cumulative 79 leftover
cost 5 for 5 cumulative 5
cost 8 for 6 cumulative 13
cost 7 for 6 cumulative 20
cost 5 for 5 cumulative 25
cost 8 for 8 cumulative 33
cost 2 for 2 cumulative 35
cost 7 for 7 cumulative 42
cost 3 for 3 cumulative 45
cost 6 for 5 cumulative 51
cost 1 for 1 cumulative 52
cost 7 for 7 cumulative 59
cost 2 for 1 cumulative 61
cost 4 for 3 cumulative 65
cost 7 for 8 cumulative 72
cost 4 for 4 cumulative 76
cost 2 for 2 cumulative 78 leftover
cost 2 for 1 cumulative 2
cost 4 for 4 cumulative 6
cost 9 for 7 cumulative 15
cost 6 for 5 cumulative 21
cost 5 for 5 cumulative 26
cost 8 for 8 cumulative 34
cost 2 for 2 cumulative 36
cost 7 for 7 cumulative 43
cost 3 for 3 cumulative 46
cost 6 for 5 cumulative 52
cost 1 for 1 cumulative 53
cost 11 for 10 cumulative 64
cost 4 for 4 cumulative 68
cost 1 for 1 cumulative 69
cost 3 for 2 cumulative 72
cost 2 for 2 cumulative 74
cost 4 for 4 cumulative 78
cost 2 for 2 cumulative 80 leftover
cost 2 for 1 cumulative 2
cost 4 for 4 cumulative 6
cost 8 for 6 cumulative 14
cost 6 for 5 cumulative 20
cost 5 for 5 cumulative 25
cost 5 for 4 cumulative 30
cost 2 for 2 cumulative 32
cost 5 for 5 cumulative 37
cost 7 for 7 cumulative 44
cost 3 for 3 cumulative 47
cost 6 for 5 cumulative 53
cost 1 for 1 cumulative 54
cost 7 for 7 cumulative 61
cost 2 for 1 cumulative 63
cost 4 for 3 cumulative 67
cost 7 for 8 cumulative 74
cost 4 for 4 cumulative 78
cost 2 for 2 cumulative 80 leftover
cost 2 for 1 cumulative 2
cost 4 for 4 cumulative 6
cost 8 for 6 cumulative 14
cost 7 for 6 cumulative 21
cost 2 for 1 cumulative 23
cost 4 for 4 cumulative 27
cost 7 for 7 cumulative 34
cost 3 for 3 cumulative 37
cost 7 for 7 cumulative 44
cost 3 for 3 cumulative 47
cost 6 for 5 cumulative 53
cost 1 for 1 cumulative 54
cost 7 for 7 cumulative 61
cost 2 for 1 cumulative 63
cost 4 for 3 cumulative 67
cost 7 for 8 cumulative 74
cost 4 for 4 cumulative 78
cost 2 for 2 cumulative 80 leftover
cost 2 for 1 cumulative 2
cost 4 for 4 cumulative 6
cost 8 for 6 cumulative 14
cost 7 for 6 cumulative 21
cost 5 for 5 cumulative 26
cost 8 for 8 cumulative 34
cost 2 for 2 cumulative 36
cost 7 for 7 cumulative 43
cost 3 for 3 cumulative 46
cost 6 for 5 cumulative 52
cost 1 for 1 cumulative 53
cost 10 for 9 cumulative 63
cost 5 for 5 cumulative 68
cost 1 for 1 cumulative 69
cost 3 for 2 cumulative 72
cost 2 for 2 cumulative 74
cost 4 for 4 cumulative 78
cost 2 for 2 cumulative 80 leftover
cost 2 for 1 cumulative 2
cost 4 for 4 cumulative 6
cost 8 for 6 cumulative 14
cost 7 for 6 cumulative 21
cost 5 for 5 cumulative 26
cost 8 for 8 cumulative 34
cost 2 for 2 cumulative 36
cost 7 for 7 cumulative 43
cost 3 for 3 cumulative 46
cost 6 for 5 cumulative 52
cost 1 for 1 cumulative 53
cost 10 for 9 cumulative 63
cost 5 for 5 cumulative 68
cost 1 for 1 cumulative 69
cost 3 for 2 cumulative 72
cost 2 for 2 cumulative 74
cost 4 for 4 cumulative 78
cost 2 for 2 cumulative 80 leftover
cost 5 for 5 cumulative 5
cost 8 for 6 cumulative 13
cost 7 for 6 cumulative 20
cost 5 for 5 cumulative 25
cost 9 for 9 cumulative 34
cost 4 for 4 cumulative 38
cost 5 for 5 cumulative 43
cost 5 for 5 cumulative 48
cost 8 for 8 cumulative 56
cost 2 for 1 cumulative 58
cost 6 for 5 cumulative 64
cost 7 for 8 cumulative 71
cost 4 for 4 cumulative 75
cost 2 for 2 cumulative 77 leftover
cost 2 for 1 cumulative 2
cost 4 for 4 cumulative 6
cost 9 for 7 cumulative 15
cost 6 for 5 cumulative 21
cost 5 for 5 cumulative 26
cost 8 for 8 cumulative 34
cost 2 for 2 cumulative 36
cost 7 for 7 cumulative 43
cost 3 for 3 cumulative 46
cost 6 for 5 cumulative 52
cost 1 for 1 cumulative 53
cost 10 for 9 cumulative 63
cost 5 for 5 cumulative 68
cost 1 for 1 cumulative 69
cost 3 for 2 cumulative 72
cost 2 for 2 cumulative 74
cost 4 for 4 cumulative 78
cost 2 for 2 cumulative 80 leftover
all-cumulative avg 79.54545454545455 stddev 1.2933395813657265
cost 2 for 1 cumulative 2
cost 6 for 5 cumulative 8
cost 10 for 8 cumulative 18
cost 2 for 1 cumulative 20
cost 5 for 5 cumulative 25
cost 3 for 3 cumulative 28
cost 18 for 20 cumulative 46
cost 5 for 4 cumulative 51
cost 1 for 1 cumulative 52
cost 10 for 9 cumulative 62
cost 5 for 5 cumulative 67
cost 1 for 1 cumulative 68
cost 3 for 2 cumulative 71
cost 4 for 4 cumulative 75
cost 4 for 4 cumulative 79 leftover
cost 2 for 1 cumulative 2
cost 6 for 5 cumulative 8
cost 10 for 8 cumulative 18
cost 2 for 1 cumulative 20
cost 5 for 5 cumulative 25
cost 3 for 3 cumulative 28
cost 9 for 9 cumulative 37
cost 7 for 7 cumulative 44
cost 4 for 4 cumulative 48
cost 9 for 9 cumulative 57
cost 7 for 6 cumulative 64
cost 5 for 6 cumulative 69
cost 3 for 2 cumulative 72
cost 4 for 4 cumulative 76
cost 3 for 3 cumulative 79 leftover
cost 2 for 1 cumulative 2
cost 6 for 5 cumulative 8
cost 10 for 8 cumulative 18
cost 2 for 1 cumulative 20
cost 5 for 5 cumulative 25
cost 3 for 3 cumulative 28
cost 15 for 16 cumulative 43
cost 4 for 4 cumulative 47
cost 9 for 9 cumulative 56
cost 7 for 6 cumulative 63
cost 8 for 9 cumulative 71
cost 6 for 6 cumulative 77
cost 2 for 1 cumulative 2
cost 4 for 4 cumulative 6
cost 9 for 7 cumulative 15
cost 6 for 5 cumulative 21
cost 5 for 5 cumulative 26
cost 9 for 9 cumulative 35
cost 4 for 4 cumulative 39
cost 5 for 5 cumulative 44
cost 8 for 8 cumulative 52
cost 10 for 9 cumulative 62
cost 5 for 5 cumulative 67
cost 1 for 1 cumulative 68
cost 3 for 2 cumulative 71
cost 4 for 4 cumulative 75
cost 4 for 4 cumulative 79 leftover
cost 7 for 6 cumulative 7
cost 10 for 8 cumulative 17
cost 2 for 1 cumulative 19
cost 5 for 5 cumulative 24
cost 3 for 3 cumulative 27
cost 15 for 16 cumulative 42
cost 4 for 4 cumulative 46
cost 5 for 4 cumulative 51
cost 1 for 1 cumulative 52
cost 10 for 9 cumulative 62
cost 5 for 5 cumulative 67
cost 1 for 1 cumulative 68
cost 3 for 2 cumulative 71
cost 4 for 4 cumulative 75
cost 4 for 4 cumulative 79 leftover
cost 7 for 6 cumulative 7
cost 7 for 6 cumulative 14
cost 6 for 5 cumulative 20
cost 5 for 5 cumulative 25
cost 9 for 9 cumulative 34
cost 4 for 4 cumulative 38
cost 5 for 5 cumulative 43
cost 8 for 7 cumulative 51
cost 1 for 1 cumulative 52
cost 10 for 9 cumulative 62
cost 5 for 5 cumulative 67
cost 1 for 1 cumulative 68
cost 3 for 2 cumulative 71
cost 4 for 4 cumulative 75
cost 4 for 4 cumulative 79 leftover
cost 2 for 1 cumulative 2
cost 7 for 6 cumulative 9
cost 8 for 6 cumulative 17
cost 2 for 1 cumulative 19
cost 2 for 1 cumulative 21
cost 5 for 5 cumulative 26
cost 3 for 3 cumulative 29
cost 18 for 20 cumulative 47
cost 7 for 7 cumulative 54
cost 2 for 1 cumulative 56
cost 7 for 6 cumulative 63
cost 5 for 5 cumulative 68
cost 1 for 1 cumulative 69
cost 3 for 2 cumulative 72
cost 4 for 4 cumulative 76
cost 4 for 4 cumulative 80 leftover
cost 2 for 1 cumulative 2
cost 6 for 5 cumulative 8
cost 10 for 8 cumulative 18
cost 2 for 1 cumulative 20
cost 5 for 5 cumulative 25
cost 3 for 3 cumulative 28
cost 15 for 16 cumulative 43
cost 5 for 5 cumulative 48
cost 8 for 8 cumulative 56
cost 7 for 6 cumulative 63
cost 8 for 9 cumulative 71
cost 5 for 5 cumulative 76
cost 1 for 1 cumulative 77 leftover
cost 2 for 1 cumulative 2
cost 7 for 6 cumulative 9
cost 8 for 6 cumulative 17
cost 2 for 1 cumulative 19
cost 2 for 1 cumulative 21
cost 5 for 5 cumulative 26
cost 3 for 3 cumulative 29
cost 9 for 9 cumulative 38
cost 7 for 7 cumulative 45
cost 4 for 4 cumulative 49
cost 9 for 9 cumulative 58
cost 7 for 6 cumulative 65
cost 8 for 9 cumulative 73
cost 5 for 5 cumulative 78
cost 1 for 1 cumulative 79 leftover
cost 2 for 1 cumulative 2
cost 6 for 5 cumulative 8
cost 9 for 7 cumulative 17
cost 2 for 1 cumulative 19
cost 2 for 1 cumulative 21
cost 5 for 5 cumulative 26
cost 3 for 3 cumulative 29
cost 15 for 16 cumulative 44
cost 4 for 4 cumulative 48
cost 6 for 6 cumulative 54
cost 3 for 2 cumulative 57
cost 7 for 6 cumulative 64
cost 5 for 5 cumulative 69
cost 1 for 1 cumulative 70
cost 3 for 2 cumulative 73
cost 7 for 8 cumulative 80 leftover
cost 7 for 6 cumulative 7
cost 10 for 8 cumulative 17
cost 2 for 1 cumulative 19
cost 5 for 5 cumulative 24
cost 3 for 3 cumulative 27
cost 15 for 16 cumulative 42
cost 4 for 4 cumulative 46
cost 10 for 10 cumulative 56
cost 2 for 1 cumulative 58
cost 6 for 5 cumulative 64
cost 7 for 8 cumulative 71
cost 5 for 5 cumulative 76
cost 1 for 1 cumulative 77 leftover
all-cumulative avg 78.63636363636364 stddev 1.1200649331826502
cost 8 for 7 cumulative 8
cost 8 for 6 cumulative 16
cost 2 for 1 cumulative 18
cost 2 for 1 cumulative 20
cost 5 for 5 cumulative 25
cost 6 for 5 cumulative 31
cost 2 for 2 cumulative 33
cost 5 for 5 cumulative 38
cost 7 for 7 cumulative 45
cost 5 for 5 cumulative 50
cost 9 for 9 cumulative 59
cost 2 for 1 cumulative 61
cost 6 for 5 cumulative 67
cost 12 for 14 cumulative 79 leftover
cost 2 for 1 cumulative 2
cost 7 for 6 cumulative 9
cost 16 for 15 cumulative 25
cost 9 for 9 cumulative 34
cost 5 for 5 cumulative 39
cost 2 for 1 cumulative 41
cost 3 for 3 cumulative 44
cost 8 for 8 cumulative 52
cost 10 for 9 cumulative 62
cost 5 for 5 cumulative 67
cost 1 for 1 cumulative 68
cost 3 for 2 cumulative 71
cost 4 for 4 cumulative 75
cost 4 for 4 cumulative 79 leftover
cost 2 for 1 cumulative 2
cost 7 for 6 cumulative 9
cost 11 for 9 cumulative 20
cost 6 for 6 cumulative 26
cost 9 for 9 cumulative 35
cost 5 for 5 cumulative 40
cost 2 for 1 cumulative 42
cost 3 for 3 cumulative 45
cost 8 for 8 cumulative 53
cost 11 for 10 cumulative 64
cost 8 for 9 cumulative 72
cost 5 for 5 cumulative 77
cost 1 for 1 cumulative 78 leftover
cost 8 for 7 cumulative 8
cost 11 for 9 cumulative 19
cost 5 for 5 cumulative 24
cost 8 for 8 cumulative 32
cost 4 for 4 cumulative 36
cost 6 for 6 cumulative 42
cost 5 for 5 cumulative 47
cost 9 for 9 cumulative 56
cost 2 for 1 cumulative 58
cost 6 for 5 cumulative 64
cost 12 for 14 cumulative 76 leftover
cost 2 for 1 cumulative 2
cost 7 for 6 cumulative 9
cost 8 for 6 cumulative 17
cost 2 for 1 cumulative 19
cost 2 for 1 cumulative 21
cost 6 for 6 cumulative 27
cost 8 for 8 cumulative 35
cost 4 for 4 cumulative 39
cost 6 for 6 cumulative 45
cost 5 for 5 cumulative 50
cost 9 for 9 cumulative 59
cost 2 for 1 cumulative 61
cost 6 for 5 cumulative 67
cost 12 for 14 cumulative 79 leftover
cost 2 for 1 cumulative 2
cost 7 for 6 cumulative 9
cost 8 for 6 cumulative 17
cost 2 for 1 cumulative 19
cost 2 for 1 cumulative 21
cost 5 for 5 cumulative 26
cost 6 for 5 cumulative 32
cost 2 for 2 cumulative 34
cost 5 for 5 cumulative 39
cost 7 for 7 cumulative 46
cost 5 for 5 cumulative 51
cost 9 for 9 cumulative 60
cost 2 for 1 cumulative 62
cost 8 for 7 cumulative 70
cost 4 for 4 cumulative 74
cost 4 for 4 cumulative 78
cost 4 for 4 cumulative 82 leftover
cost 2 for 1 cumulative 2
cost 7 for 6 cumulative 9
cost 8 for 6 cumulative 17
cost 2 for 1 cumulative 19
cost 2 for 1 cumulative 21
cost 5 for 5 cumulative 26
cost 6 for 5 cumulative 32
cost 2 for 2 cumulative 34
cost 5 for 5 cumulative 39
cost 7 for 7 cumulative 46
cost 5 for 5 cumulative 51
cost 9 for 9 cumulative 60
cost 2 for 1 cumulative 62
cost 6 for 5 cumulative 68
cost 9 for 10 cumulative 77
cost 4 for 4 cumulative 81 leftover
cost 2 for 1 cumulative 2
cost 7 for 6 cumulative 9
cost 8 for 6 cumulative 17
cost 2 for 1 cumulative 19
cost 2 for 1 cumulative 21
cost 5 for 5 cumulative 26
cost 7 for 6 cumulative 33
cost 1 for 1 cumulative 34
cost 5 for 5 cumulative 39
cost 7 for 7 cumulative 46
cost 5 for 5 cumulative 51
cost 9 for 9 cumulative 60
cost 2 for 1 cumulative 62
cost 6 for 5 cumulative 68
cost 12 for 14 cumulative 80 leftover
cost 2 for 1 cumulative 2
cost 7 for 6 cumulative 9
cost 11 for 9 cumulative 20
cost 5 for 5 cumulative 25
cost 8 for 8 cumulative 33
cost 4 for 4 cumulative 37
cost 6 for 6 cumulative 43
cost 5 for 5 cumulative 48
cost 9 for 9 cumulative 57
cost 2 for 1 cumulative 59
cost 6 for 5 cumulative 65
cost 6 for 6 cumulative 71
cost 4 for 4 cumulative 75
cost 4 for 4 cumulative 79 leftover
cost 2 for 1 cumulative 2
cost 7 for 6 cumulative 9
cost 8 for 6 cumulative 17
cost 2 for 1 cumulative 19
cost 2 for 1 cumulative 21
cost 5 for 5 cumulative 26
cost 6 for 5 cumulative 32
cost 2 for 2 cumulative 34
cost 5 for 5 cumulative 39
cost 7 for 7 cumulative 46
cost 5 for 5 cumulative 51
cost 9 for 9 cumulative 60
cost 2 for 1 cumulative 62
cost 6 for 5 cumulative 68
cost 12 for 14 cumulative 80 leftover
cost 2 for 1 cumulative 2
cost 7 for 6 cumulative 9
cost 8 for 6 cumulative 17
cost 2 for 1 cumulative 19
cost 2 for 1 cumulative 21
cost 6 for 6 cumulative 27
cost 14 for 15 cumulative 41
cost 2 for 1 cumulative 43
cost 3 for 3 cumulative 46
cost 8 for 8 cumulative 54
cost 10 for 9 cumulative 64
cost 5 for 5 cumulative 69
cost 1 for 1 cumulative 70
cost 3 for 2 cumulative 73
cost 4 for 4 cumulative 77
cost 4 for 4 cumulative 81 leftover
all-cumulative avg 79.45454545454545 stddev 1.6348477827391983
cost 8 for 7 cumulative 8
cost 11 for 9 cumulative 19
cost 14 for 15 cumulative 33
cost 27 for 29 cumulative 60
cost 11 for 13 cumulative 71 leftover
cost 2 for 1 cumulative 2
cost 7 for 6 cumulative 9
cost 11 for 9 cumulative 20
cost 14 for 15 cumulative 34
cost 7 for 7 cumulative 41
cost 3 for 3 cumulative 44
cost 7 for 6 cumulative 51
cost 11 for 11 cumulative 62
cost 8 for 9 cumulative 70
cost 5 for 6 cumulative 75 leftover
cost 2 for 1 cumulative 2
cost 7 for 6 cumulative 9
cost 11 for 9 cumulative 20
cost 24 for 27 cumulative 44
cost 9 for 9 cumulative 53
cost 19 for 21 cumulative 72 leftover
cost 2 for 1 cumulative 2
cost 7 for 6 cumulative 9
cost 11 for 9 cumulative 20
cost 14 for 15 cumulative 34
cost 19 for 21 cumulative 53
cost 8 for 7 cumulative 61
cost 12 for 14 cumulative 73 leftover
cost 11 for 10 cumulative 11
cost 32 for 34 cumulative 43
cost 9 for 9 cumulative 52
cost 2 for 1 cumulative 54
cost 7 for 6 cumulative 61
cost 11 for 13 cumulative 72 leftover
cost 2 for 1 cumulative 2
cost 7 for 6 cumulative 9
cost 11 for 9 cumulative 20
cost 14 for 15 cumulative 34
cost 20 for 22 cumulative 54
cost 2 for 1 cumulative 56
cost 7 for 6 cumulative 63
cost 11 for 13 cumulative 74 leftover
cost 2 for 1 cumulative 2
cost 7 for 6 cumulative 9
cost 11 for 9 cumulative 20
cost 23 for 26 cumulative 43
cost 28 for 31 cumulative 71 leftover
cost 8 for 7 cumulative 8
cost 4 for 3 cumulative 12
cost 40 for 43 cumulative 52
cost 2 for 1 cumulative 54
cost 7 for 6 cumulative 61
cost 11 for 13 cumulative 72 leftover
cost 2 for 1 cumulative 2
cost 7 for 6 cumulative 9
cost 11 for 9 cumulative 20
cost 14 for 15 cumulative 34
cost 10 for 11 cumulative 44
cost 12 for 12 cumulative 56
cost 7 for 6 cumulative 63
cost 11 for 13 cumulative 74 leftover
cost 2 for 1 cumulative 2
cost 7 for 6 cumulative 9
cost 11 for 9 cumulative 20
cost 23 for 26 cumulative 43
cost 17 for 17 cumulative 60
cost 12 for 14 cumulative 72 leftover
cost 2 for 1 cumulative 2
cost 7 for 6 cumulative 9
cost 43 for 46 cumulative 52
cost 2 for 1 cumulative 54
cost 7 for 6 cumulative 61
cost 8 for 9 cumulative 69
cost 4 for 4 cumulative 73 leftover
all-cumulative avg 72.63636363636364 stddev 1.2862913567871994
