73 data units; theoretic max savings boundary = 3.65s
.........................................................................
+++++++++++++++++++++++++++++++++++++++++++++++++++++++++++++++
spent 86.59s for experiment numpar=1 simulate=False
73 data units; theoretic max savings boundary = 3.65s
.........................................................................
+++++++++++++++++++++++++++++++++++++++++++++++++++++++++++++++++++++
spent 74.35s for experiment numpar=2 simulate=False
73 data units; theoretic max savings boundary = 3.65s
.........................................................................
++++++++++++++++++++++++++++++++++++++++++++++++++++++++++++++++++++++
spent 59.92s for experiment numpar=3 simulate=False
73 data units; theoretic max savings boundary = 3.65s
.........................................................................
++++++++++++++++++++++++++++++++++++++++++++++++++++++++++++++++++++++++
spent 69.05s for experiment numpar=4 simulate=False
73 data units; theoretic max savings boundary = 3.65s
.........................................................................
+++++++++++++++++++++++++++++++++++++++++++++++++++++++++++++++++++++++
spent 33.91s for experiment numpar=5 simulate=False
73 data units; theoretic max savings boundary = 3.65s
.........................................................................
+++++++++++++++++++++++++++++++++++++++++++++++++++++++++++++++++++++
spent 22.64s for experiment numpar=6 simulate=False
73 data units; theoretic max savings boundary = 3.65s
.........................................................................
+++++++++++++++++++++++++++++++++++++++++++++++++++++++++++++++++
spent 18.93s for experiment numpar=7 simulate=False
73 data units; theoretic max savings boundary = 3.65s
.........................................................................
++++++++++++++++++++++++++++++++++++++++++++++++++++++++++++++++++++++++
spent 21.08s for experiment numpar=8 simulate=False
73 data units; theoretic max savings boundary = 3.65s
.........................................................................
+++++++++++++++++++++++++++++++++++++++++++++++++++++++++++++++++++++++
spent 21.82s for experiment numpar=9 simulate=False
73 data units; theoretic max savings boundary = 3.65s
.........................................................................
++++++++++++++++++++++++++++++++++++++++++++++++++++++++++++++++++++++++
spent 17.41s for experiment numpar=10 simulate=False
