73 data units; theoretic max savings boundary = 3.65s
.........................................................................
++++++++++++++++++++++++++++++++++++++++++++++++++++++++++++++++++++++++
spent 131.06s for experiment numpar=1 simulate=False
73 data units; theoretic max savings boundary = 3.65s
.........................................................................
++++++++++++++++++++++++++++++++++++++++++++++++++++++++++++++++++++++++
spent 83.71s for experiment numpar=2 simulate=False
73 data units; theoretic max savings boundary = 3.65s
.........................................................................
+++++++++++++++++++++++++++++++++++++++++++++++++++++++++++++++++++++++
spent 61.76s for experiment numpar=3 simulate=False
73 data units; theoretic max savings boundary = 3.65s
.........................................................................
+++++++++++++++++++++++++++++++++++++++++++++++++++++++++++++++++++++++
spent 49.46s for experiment numpar=4 simulate=False
73 data units; theoretic max savings boundary = 3.65s
.........................................................................
++++++++++++++++++++++++++++++++++++++++++++++++++++++++++++++++++++++++
spent 40.58s for experiment numpar=5 simulate=False
73 data units; theoretic max savings boundary = 3.65s
.........................................................................
++++++++++++++++++++++++++++++++++++++++++++++++++++++++++++++++++++++++
spent 43.64s for experiment numpar=6 simulate=False
73 data units; theoretic max savings boundary = 3.65s
.........................................................................
++++++++++++++++++++++++++++++++++++++++++++++++++++++++++++++++++++++++
spent 27.36s for experiment numpar=7 simulate=False
73 data units; theoretic max savings boundary = 3.65s
.........................................................................
++++++++++++++++++++++++++++++++++++++++++++++++++++++++++++++++++++++++
spent 36.34s for experiment numpar=8 simulate=False
73 data units; theoretic max savings boundary = 3.65s
.........................................................................
++++++++++++++++++++++++++++++++++++++++++++++++++++++++++++++++++++++++
spent 34.55s for experiment numpar=9 simulate=False
73 data units; theoretic max savings boundary = 3.65s
.........................................................................
+++++++++++++++++++++++++++++++++++++++++++++++++++++++++++++++++++++++
spent 23.00s for experiment numpar=10 simulate=False
