73 data units; theoretic max savings boundary = 3.65s
.........................................................................
++++++++++++++++++++++++++++++++++++++++++++++++++++++++++++++++++++++++
achieved 250.12s for numpar=1 simulate=False
73 data units; theoretic max savings boundary = 3.65s
.........................................................................
+++++++++++++++++++++++++++++++++++++++++++++++++++++++++++++++++++++++
achieved 128.13s for numpar=2 simulate=False
73 data units; theoretic max savings boundary = 3.65s
.........................................................................
++++++++++++++++++++++++++++++++++++++++++++++++++++++++++++++++++++++++
achieved 94.50s for numpar=3 simulate=False
73 data units; theoretic max savings boundary = 3.65s
.........................................................................
+++++++++++++++++++++++++++++++++++++++++++++++++++++++++++++++++++++++
achieved 343.31s for numpar=4 simulate=False
73 data units; theoretic max savings boundary = 3.65s
.........................................................................
++++++++++++++++++++++++++++++++++++++++++++++++++++++++++++++++++++++
achieved 63.71s for numpar=5 simulate=False
73 data units; theoretic max savings boundary = 3.65s
.........................................................................
++++++++++++++++++++++++++++++++++++++++++++++++++++++++++++++++++++++++
achieved 59.41s for numpar=6 simulate=False
73 data units; theoretic max savings boundary = 3.65s
.........................................................................
++++++++++++++++++++++++++++++++++++++++++++++++++++++++++++++++++++++
achieved 51.32s for numpar=7 simulate=False
73 data units; theoretic max savings boundary = 3.65s
.........................................................................
++++++++++++++++++++++++++++++++++++++++++++++++++++++++++++++++++++++++
achieved 46.93s for numpar=8 simulate=False
73 data units; theoretic max savings boundary = 3.65s
.........................................................................
++++++++++++++++++++++++++++++++++++++++++++++++++++++++++++++++++++++++
achieved 43.26s for numpar=9 simulate=False
73 data units; theoretic max savings boundary = 3.65s
.........................................................................
+++++++++++++++++++++++++++++++++++++++++++++++++++++++++++++++++++++++++
achieved 41.35s for numpar=10 simulate=False
73 data units; theoretic max savings boundary = 3.65s
.........................................................................
++++++++++++++++++++++++++++++++++++++++++++++++++++++++++++++++++++++
achieved 49.20s for numpar=11 simulate=False
73 data units; theoretic max savings boundary = 3.65s
.........................................................................
++++++++++++++++++++++++++++++++++++++++++++++++++++++++++++++++++++++++
achieved 39.39s for numpar=12 simulate=False
73 data units; theoretic max savings boundary = 3.65s
.........................................................................
+++++++++++++++++++++++++++++++++++++++++++++++++++++++++++++++++++++++++++++++++++++++
achieved 56.80s for numpar=13 simulate=False
73 data units; theoretic max savings boundary = 3.65s
.........................................................................
+++++++++++++++++++++++++++++++++++++++++++++++++++++++++++++++++
achieved 33.69s for numpar=14 simulate=False
73 data units; theoretic max savings boundary = 3.65s
.........................................................................
++++++++++++++++++++++++++++++++++++++++++++++++++++++++++++++++++++++++
achieved 28.34s for numpar=15 simulate=False
73 data units; theoretic max savings boundary = 3.65s
.........................................................................
+++++++++++++++++++++++++++++++++++++++++++++++++++++++++++++++++++++++++++++++++
achieved 27.90s for numpar=16 simulate=False
73 data units; theoretic max savings boundary = 3.65s
.........................................................................
++++++++++++++++++++++++++++++++++++++++++++++++++++++++++++++++++++++++++++++++++++++++++++++
achieved 28.37s for numpar=17 simulate=False
73 data units; theoretic max savings boundary = 3.65s
.........................................................................
++++++++++++++++++++++++++++++++++++++++++++++++++++++++++++++++++++++++
achieved 29.75s for numpar=18 simulate=False
73 data units; theoretic max savings boundary = 3.65s
.........................................................................
++++++++++++++++++++++++++++++++++++++++++++++++++++++++++++++++++++++++
achieved 89.68s for numpar=19 simulate=False
73 data units; theoretic max savings boundary = 3.65s
.........................................................................
+++++++++++++++++++++++++++++++++++++++++++++++++++++++++++++++++++++++++++++++++++++
achieved 52.31s for numpar=20 simulate=False
