73 data units; theoretic max savings boundary = 3.65s
queue not empty, results undefined, performing safe purge...
.........................................................................
++++++++++++++++++++++++++++++++++++++++++++++++++++++++++++++++++++++++
spent 202.93s for experiment numpar=1 simulate=False
73 data units; theoretic max savings boundary = 3.65s
.........................................................................
++++++++++++++++++++++++++++++++++++++++++++++++++++++++++++++++++++++++
spent 110.74s for experiment numpar=2 simulate=False
73 data units; theoretic max savings boundary = 3.65s
.........................................................................
++++++++++++++++++++++++++++++++++++++++++++++++++++++++++++++++++++++++
spent 78.38s for experiment numpar=3 simulate=False
73 data units; theoretic max savings boundary = 3.65s
.........................................................................
++++++++++++++++++++++++++++++++++++++++++++++++++++++++++++++++++++++++
spent 63.21s for experiment numpar=4 simulate=False
73 data units; theoretic max savings boundary = 3.65s
.........................................................................
++++++++++++++++++++++++++++++++++++++++++++++++++++++++++++++++++++++++
spent 54.53s for experiment numpar=5 simulate=False
73 data units; theoretic max savings boundary = 3.65s
.........................................................................
++++++++++++++++++++++++++++++++++++++++++++++++++++++++++++++++++++++++
spent 49.98s for experiment numpar=6 simulate=False
73 data units; theoretic max savings boundary = 3.65s
.........................................................................
++++++++++++++++++++++++++++++++++++++++++++++++++++++++++++++++++++++++
spent 41.27s for experiment numpar=7 simulate=False
73 data units; theoretic max savings boundary = 3.65s
.........................................................................
++++++++++++++++++++++++++++++++++++++++++++++++++++++++++++++++++++++++
spent 39.32s for experiment numpar=8 simulate=False
73 data units; theoretic max savings boundary = 3.65s
.........................................................................
++++++++++++++++++++++++++++++++++++++++++++++++++++++++++++++++++++++++
spent 37.28s for experiment numpar=9 simulate=False
73 data units; theoretic max savings boundary = 3.65s
.........................................................................
++++++++++++++++++++++++++++++++++++++++++++++++++++++++++++++++++++++++
spent 32.31s for experiment numpar=10 simulate=False
