73 data units; theoretic max savings boundary = 3.65s
.........................................................................
+++++++
spent 74.65s for experiment numpar=1 simulate=False
73 data units; theoretic max savings boundary = 3.65s
.........................................................................
+++++++++++++++++++++++++++++++++++++
spent 44.20s for experiment numpar=2 simulate=False
73 data units; theoretic max savings boundary = 3.65s
.........................................................................
++++++++++++++++++++++++++++++++++++++++++++++++
spent 30.99s for experiment numpar=3 simulate=False
73 data units; theoretic max savings boundary = 3.65s
.........................................................................
+++++++++++++++++++++++++++++++++++++++++++++++++++++++
spent 24.99s for experiment numpar=4 simulate=False
73 data units; theoretic max savings boundary = 3.65s
.........................................................................
++++++++++++++++++++++++++++++++++++++++++++++++++++++++++
spent 21.33s for experiment numpar=5 simulate=False
73 data units; theoretic max savings boundary = 3.65s
.........................................................................
+++++++++++++++++++++++++++++++++++++++++++++++++++++++++++++
spent 18.82s for experiment numpar=6 simulate=False
73 data units; theoretic max savings boundary = 3.65s
.........................................................................
+++++++++++++++++++++++++++++++++++++++++++++++++++++++++++++++
spent 17.00s for experiment numpar=7 simulate=False
73 data units; theoretic max savings boundary = 3.65s
.........................................................................
++++++++++++++++++++++++++++++++++++++++++++++++++++++++++++++++++
spent 15.31s for experiment numpar=8 simulate=False
73 data units; theoretic max savings boundary = 3.65s
.........................................................................
+++++++++++++++++++++++++++++++++++++++++++++++++++++++++++++++++
spent 14.34s for experiment numpar=9 simulate=False
73 data units; theoretic max savings boundary = 3.65s
.........................................................................
++++++++++++++++++++++++++++++++++++++++++++++++++++++++++++++++++++
spent 13.61s for experiment numpar=10 simulate=False
